Iteration	Posterior	Likelihood	Prior	rate_log_sd	tree_length
0	-3436.291	-3694.708	258.4169	0.8630527	3.811002
6	-3429.209	-3687.396	258.1871	1.004187	3.861996
12	-3449.946	-3708.261	258.3154	1.081809	3.743462
18	-3445.152	-3704.019	258.8666	1.083076	3.422393
24	-3443.695	-3702.957	259.2618	1.146057	3.152135
30	-3440.088	-3698.094	258.0059	1.064495	3.93131
36	-3428.634	-3687.294	258.6597	1.205832	3.471556
42	-3436.084	-3694.513	258.429	1.0618	3.689382
48	-3434.31	-3692.613	258.3029	1.006136	3.794281
54	-3442.778	-3700.721	257.9429	0.8969267	4.063107
60	-3447.705	-3704.962	257.2571	1.046706	4.367217
66	-3438.841	-3696.314	257.4723	0.8561655	4.353279
72	-3440.702	-3697.918	257.216	0.9701831	4.433537
78	-3448.11	-3705.654	257.5441	0.932799	4.269346
84	-3450.367	-3708.865	258.4976	1.028056	3.669182
90	-3452.376	-3709.282	256.9059	0.8352093	4.683535
96	-3459.839	-3716.379	256.5402	0.8398901	4.885099
102	-3451.089	-3707.326	256.2365	0.7328724	5.113265
108	-3451.354	-3708.338	256.9846	0.860294	4.625394
114	-3461.205	-3718.337	257.1326	0.8123783	4.569246
120	-3448.07	-3705.086	257.0164	0.8990639	4.585777
126	-3458.282	-3715.258	256.9767	0.917696	4.597642
132	-3468.829	-3725.387	256.5578	0.8491061	4.870139
138	-3451.851	-3709.473	257.6221	0.9080867	4.239148
144	-3426.446	-3685.145	258.6986	0.952597	3.59641
150	-3430.331	-3688.982	258.6515	0.9997319	3.59641
156	-3424.939	-3681.675	256.7355	0.9182987	4.73237
162	-3431.275	-3688.889	257.6147	0.9489276	4.220165
168	-3441.686	-3699.225	257.5395	0.8709425	4.306945
174	-3428.522	-3685.332	256.8094	0.8463076	4.731312
180	-3432.496	-3689.45	256.9542	0.9047388	4.617489
186	-3432.113	-3689.129	257.0159	0.8409775	4.618661
192	-3435.619	-3692.235	256.6167	0.8876932	4.815794
198	-3441.894	-3699.029	257.1344	0.7728147	4.590428
204	-3445.51	-3702.266	256.7563	0.7895556	4.792672
210	-3440.671	-3697.277	256.606	0.9171021	4.805373
216	-3441.846	-3699.326	257.4793	0.9260274	4.309807
222	-3428.558	-3687.079	258.5217	1.045157	3.645355
228	-3438.203	-3696.971	258.7689	1.097026	3.471354
234	-3436.219	-3694.456	258.2376	0.9381856	3.870875
240	-3431.39	-3688.33	256.9404	0.8786165	4.639876
246	-3431.363	-3688.342	256.9791	0.8696993	4.623202
252	-3428.341	-3684.69	256.35	0.919747	4.94652
258	-3440.375	-3696.156	255.7803	0.919747	5.262291
264	-3459.593	-3715.695	256.1016	0.7969155	5.152549
270	-3438.466	-3696.13	257.6633	1.013668	4.155817
276	-3430.295	-3686.923	256.6275	0.7525093	4.88512
282	-3427.479	-3685.119	257.6403	0.8182026	4.279758
288	-3424.78	-3681.437	256.6575	0.8261729	4.827379
294	-3431.709	-3689.396	257.6876	0.9040814	4.204225
300	-3429.266	-3686.114	256.8474	0.8637621	4.700289
306	-3431.019	-3688.036	257.0177	0.8515104	4.611762
312	-3434.512	-3691.479	256.9675	0.8922662	4.617029
318	-3431.763	-3689.964	258.2007	1.015414	3.847726
324	-3426.923	-3685.319	258.3964	1.049578	3.715307
330	-3429.174	-3687.112	257.938	0.8367796	4.100161
336	-3426.356	-3683.69	257.3341	0.9537028	4.376265
342	-3427.968	-3685.351	257.3832	0.9046054	4.376265
348	-3429.672	-3687.989	258.3176	1.080409	3.742995
354	-3436.807	-3695.42	258.6129	1.131756	3.542044
360	-3433.217	-3691.028	257.811	1.004517	4.076954
366	-3431.731	-3688.955	257.224	0.8775717	4.481229
372	-3429.872	-3688.608	258.736	1.065392	3.508991
378	-3430.956	-3690.061	259.1055	1.104729	3.269177
384	-3424.846	-3681.837	256.9907	0.9964573	4.545529
390	-3429.257	-3686.74	257.4828	0.9267024	4.307494
396	-3431.473	-3687.309	255.8365	0.7519736	5.323887
402	-3423.001	-3680.225	257.2238	0.8999784	4.468717
408	-3426.385	-3683.063	256.6776	0.8999784	4.774973
414	-3428.437	-3686.21	257.7731	0.8833664	4.167444
420	-3442.476	-3700.993	258.5167	1.020223	3.662676
426	-3436.968	-3694.611	257.642	1.003006	4.173956
432	-3435.957	-3693.579	257.6223	0.8308247	4.282793
438	-3427.587	-3684.718	257.1309	0.943884	4.496258
444	-3428.361	-3686.85	258.4893	1.007644	3.685815
450	-3433.415	-3692.467	259.052	1.135608	3.282551
456	-3430.57	-3689.607	259.0368	1.163672	3.27499
462	-3430.002	-3688.241	258.2386	1.082509	3.7873
468	-3428.515	-3686.836	258.3211	1.041255	3.763544
474	-3430.465	-3687.943	257.4783	0.9329365	4.306503
480	-3434.711	-3691.199	256.4877	0.81152	4.93014
486	-3435.257	-3691.69	256.4328	0.8663751	4.93014
492	-3425.087	-3682.468	257.3814	0.8663751	4.398807
498	-3424.755	-3682.988	258.2335	0.9515254	3.86559
504	-3427.918	-3686.408	258.4901	0.9439029	3.722186
510	-3441.809	-3699.673	257.8637	0.8943968	4.10966
516	-3440.788	-3699.257	258.4688	1.056934	3.669178
522	-3431.734	-3689.575	257.8412	0.9740442	4.077115
528	-3421.001	-3677.723	256.7221	0.9208447	4.738447
534	-3433.901	-3691.093	257.1922	0.9625414	4.451288
540	-3435.823	-3693.732	257.9091	0.9514407	4.051265
546	-3439.035	-3697.221	258.1852	0.9422198	3.898644
552	-3433.745	-3691.709	257.9634	0.9265471	4.034494
558	-3435.285	-3692.955	257.6699	0.9439574	4.191655
564	-3430.774	-3689.128	258.3542	1.048314	3.740405
570	-3448.304	-3705.547	257.2431	0.8918733	4.462381
576	-3436.684	-3693.581	256.8973	0.9484518	4.624869
582	-3430.263	-3687.307	257.0442	0.8016361	4.624869
588	-3434.77	-3692.091	257.3206	0.9790966	4.369538
594	-3433.161	-3690.341	257.1801	0.8491911	4.521838
600	-3443.171	-3699.803	256.6324	0.8707226	4.816503
606	-3425.416	-3682.625	257.2097	0.8832939	4.486057
612	-3419.807	-3676.889	257.0823	0.863336	4.568833
618	-3432.237	-3688.556	256.318	0.9525583	4.946041
624	-3432.795	-3690.213	257.4173	0.9341	4.34031
630	-3441.007	-3697.01	256.0038	0.7759204	5.21829
636	-3432.839	-3690.265	257.4262	0.8713286	4.370721
642	-3436.22	-3693.011	256.791	1.093684	4.603086
648	-3426.673	-3685.168	258.4949	0.9155524	3.735823
654	-3423.688	-3681.144	257.4562	0.9334441	4.318678
660	-3420.603	-3678.109	257.5067	1.039078	4.230292
666	-3432.112	-3689.883	257.7712	0.9936437	4.105843
672	-3433.994	-3691.644	257.6495	0.9936437	4.175012
678	-3432.516	-3690.389	257.8734	0.9525332	4.071026
684	-3423.754	-3680.664	256.9097	0.916459	4.635877
690	-3430.746	-3687.823	257.0779	0.9221637	4.538285
696	-3418.85	-3675.242	256.3916	0.8308044	4.972823
702	-3427.475	-3683.866	256.3916	0.8308044	4.972823
708	-3428.163	-3684.855	256.6916	0.8868565	4.774468
714	-3454.383	-3713.362	258.9788	1.032941	3.38597
720	-3438.853	-3695.141	256.2876	0.8522276	5.018733
726	-3427.691	-3684.457	256.7657	1.001766	4.668754
732	-3420.759	-3677.657	256.8988	0.9036741	4.649173
738	-3427.885	-3684.662	256.7772	0.7345427	4.811697
744	-3438.483	-3694.26	255.7768	0.9041657	5.272827
750	-3427.707	-3684.905	257.1987	0.9273637	4.467434
756	-3443.31	-3701.178	257.8679	0.9207599	4.092256
762	-3433.83	-3691.669	257.8397	0.9094157	4.114783
768	-3424.977	-3682.899	257.9214	0.9600287	4.039368
774	-3428.056	-3686.933	258.8774	1.11038	3.400058
780	-3430.63	-3688.301	257.6711	1.010575	4.15316
786	-3427.817	-3685.756	257.939	0.8989964	4.064134
792	-3425.295	-3683.236	257.9411	0.9066862	4.058587
798	-3425.392	-3682.432	257.0404	0.8534406	4.597954
804	-3439.582	-3696.443	256.8613	0.8066813	4.724435
810	-3443.586	-3700.691	257.1044	0.933955	4.51674
816	-3451.45	-3709.33	257.88	0.9547491	4.066011
822	-3444.964	-3702.993	258.0286	0.9932686	3.959099
828	-3442.599	-3700.046	257.4469	0.9932686	4.290099
834	-3426.211	-3684.35	258.1389	0.9769292	3.9053
840	-3431.082	-3689.878	258.7959	0.9470322	3.543094
846	-3438.921	-3696.071	257.1508	0.9735554	4.468408
852	-3435.725	-3691.911	256.1858	0.8663132	5.067428
858	-3428.068	-3684.768	256.6999	0.8546721	4.787772
864	-3430.797	-3688.322	257.5249	0.8546721	4.324408
870	-3447.451	-3703.18	255.7295	0.8687687	5.318513
876	-3444.298	-3700.822	256.5234	0.8395618	4.894611
882	-3434.205	-3691.675	257.4703	0.947089	4.303005
888	-3429.802	-3688.196	258.3938	1.021136	3.733195
894	-3431.611	-3688.902	257.291	0.8211646	4.475262
900	-3429.323	-3685.847	256.524	0.8111684	4.91012
906	-3440.968	-3698.069	257.1011	0.8111684	4.587576
912	-3437.339	-3695.054	257.7147	0.8751327	4.205303
918	-3437.405	-3694.776	257.3704	0.9270289	4.370804
924	-3448.951	-3706.924	257.9732	1.008258	3.982249
930	-3442.707	-3701.629	258.9228	1.07606	3.393562
936	-3441.385	-3700.51	259.125	1.07606	3.274586
942	-3455.081	-3712.974	257.8931	0.8761039	4.103354
948	-3442.603	-3700.689	258.0862	0.869144	3.997159
954	-3438.94	-3696.421	257.4808	0.9848801	4.275699
960	-3440.584	-3699.501	258.9165	1.002445	3.440384
966	-3432.436	-3690.416	257.9797	1.002445	3.981854
972	-3430.388	-3688.838	258.4497	0.9590977	3.736764
978	-3429.041	-3686.608	257.5665	0.8807403	4.286134
984	-3426.693	-3684.617	257.924	1.028836	3.998577
990	-3431.186	-3688.295	257.1084	0.9323996	4.51541
996	-3439.429	-3696.945	257.516	0.9323996	4.285446
1002	-3423.433	-3680.568	257.1355	0.9048613	4.515612
1008	-3433.194	-3690.944	257.7499	0.9346351	4.151508
1014	-3459.581	-3718.021	258.4394	0.9134142	3.769041
1020	-3440.69	-3697.328	256.6386	0.8306434	4.835394
1026	-3427.915	-3684.199	256.2842	0.8979996	4.995189
1032	-3422.378	-3678.74	256.3625	0.8196404	4.995189
1038	-3438.168	-3694.504	256.3362	0.8459876	4.995189
1044	-3427.493	-3685.023	257.53	1.020763	4.227466
1050	-3424.457	-3682.777	258.3197	1.019033	3.777183
1056	-3426.766	-3685.117	258.3502	0.9884549	3.777183
1062	-3434.267	-3691.133	256.8658	0.7753511	4.739436
1068	-3447.492	-3704.002	256.5095	0.9379516	4.847562
1074	-3436.803	-3693.707	256.9046	0.8156466	4.695212
1080	-3440.632	-3697.901	257.2693	0.8065738	4.495637
1086	-3434.133	-3692.417	258.2844	0.9382791	3.843932
1092	-3453.657	-3710.338	256.6813	0.8818733	4.782984
1098	-3446.948	-3705.766	258.8177	1.027762	3.483281
1104	-3456.434	-3714.419	257.9852	1.162237	3.88715
1110	-3449.626	-3706.636	257.0096	0.9310271	4.571668
1116	-3440.391	-3699.746	259.3552	1.138409	3.101126
1122	-3428.729	-3686.158	257.4294	0.9536019	4.32245
1128	-3438.8	-3697.069	258.2689	0.9179266	3.864562
1134	-3429.835	-3686.813	256.9779	0.8381345	4.641544
1140	-3430.888	-3686.399	255.5111	0.77812	5.488774
1146	-3440.611	-3698.51	257.8986	1.008205	4.02487
1152	-3440.818	-3698.701	257.8829	1.023959	4.02487
1158	-3440.145	-3697.921	257.7758	1.130999	4.02487
1164	-3438.898	-3698.096	259.1984	1.07545	3.231621
1170	-3442.2	-3701.388	259.1883	1.069343	3.241166
1176	-3444.779	-3703.238	258.4586	1.123944	3.636238
1182	-3442.249	-3701.803	259.5542	1.12393	2.990741
1188	-3452.969	-3713.024	260.0542	1.02083	2.75041
1194	-3436.174	-3695.774	259.5994	1.144192	2.95141
1200	-3433.519	-3692.182	258.6629	0.9854446	3.598073
1206	-3433.879	-3691.332	257.4537	0.8648872	4.358875
1212	-3429.588	-3686.927	257.3391	0.9794627	4.358875
1218	-3435.91	-3693.121	257.211	1.046829	4.393177
1224	-3419.758	-3677.302	257.5432	0.97616	4.245248
1230	-3420.519	-3678.111	257.5917	0.9608993	4.226418
1236	-3420.861	-3677.589	256.7274	0.8780531	4.759359
1242	-3434.633	-3691.193	256.5598	0.8780531	4.852902
1248	-3434.163	-3691.993	257.8297	0.8780531	4.13833
1254	-3442.632	-3698.664	256.0317	0.8691101	5.151276
1260	-3432.211	-3688.767	256.5557	0.7844463	4.907345
1266	-3429.396	-3687.122	257.7259	0.9173797	4.174974
1272	-3435.452	-3694.171	258.7189	1.035196	3.536577
1278	-3435.958	-3695.449	259.4907	1.113177	3.03523
1284	-3441.148	-3699.726	258.5779	1.12501	3.56637
1290	-3434.364	-3691.356	256.9921	0.8433533	4.630684
1296	-3423.999	-3681.207	257.2078	0.8371434	4.513089
1302	-3433.958	-3692.081	258.1239	0.9576231	3.924963
1308	-3439.433	-3697.391	257.9582	1.025649	3.980894
1314	-3444.965	-3702.301	257.3364	0.9969145	4.350558
1320	-3431.891	-3689.789	257.8977	0.9096156	4.081636
1326	-3424.714	-3682.157	257.443	0.9464492	4.318817
1332	-3427.362	-3684.73	257.368	0.888599	4.393846
1338	-3423.396	-3681.447	258.0513	0.8843412	4.008448
1344	-3420.74	-3678.051	257.3109	0.8461364	4.449982
1350	-3416.016	-3673.326	257.3104	0.8466405	4.449982
1356	-3422.625	-3680.117	257.4921	0.6649457	4.449982
1362	-3413.357	-3670.381	257.0246	0.8778106	4.593114
1368	-3421.247	-3678.906	257.659	0.9410403	4.199524
1374	-3425.002	-3681.357	256.3558	0.9599065	4.920963
1380	-3426.241	-3682.588	256.3471	0.9686	4.920963
1386	-3442.398	-3700.371	257.9728	0.9183223	4.033821
1392	-3439.425	-3696.988	257.5633	0.7958307	4.335965
1398	-3440.458	-3698.04	257.5822	0.7474834	4.352578
1404	-3435.351	-3692.773	257.4218	0.9079003	4.352578
1410	-3448.665	-3707.201	258.5356	1.059222	3.629105
1416	-3451.597	-3710.767	259.1699	1.057971	3.258805
1422	-3450.247	-3709.287	259.0393	1.125051	3.296267
1428	-3445.846	-3704.808	258.9614	1.099977	3.356886
1434	-3447.398	-3706.167	258.769	1.056306	3.495075
1440	-3437.788	-3695.422	257.6345	1.065889	4.142488
1446	-3439.317	-3696.975	257.658	1.042442	4.142488
1452	-3433.43	-3690.935	257.505	0.8036821	4.364453
1458	-3438.653	-3696.09	257.4374	0.8950509	4.351024
1464	-3441.411	-3699.043	257.6316	0.7799983	4.306288
1470	-3439.722	-3695.994	256.2721	0.7799983	5.067407
1476	-3441.42	-3698.486	257.0658	0.7799983	4.624891
1482	-3446.881	-3705.249	258.3688	1.062507	3.723757
1488	-3454.541	-3713.95	259.4088	1.071115	3.10931
1494	-3430.21	-3687.25	257.0402	0.8544011	4.597509
1500	-3439.535	-3699.182	259.6464	1.087331	2.957317
1506	-3439.038	-3698.003	258.9653	1.048072	3.385048
1512	-3449.375	-3706.926	257.5513	0.9920388	4.231653
1518	-3439.889	-3697.698	257.8083	0.9806875	4.09205
1524	-3441.103	-3699.22	258.117	0.9806875	3.915712
1530	-3444.9	-3702.332	257.4313	0.9894134	4.30114
1536	-3439.036	-3697.215	258.1785	0.9958876	3.871676
1542	-3456.124	-3715.496	259.3713	1.267134	3.014542
1548	-3437.009	-3696.862	259.8526	1.265003	2.724383
1554	-3431.876	-3689.346	257.4703	0.997984	4.274226
1560	-3449.654	-3709.164	259.5099	1.17067	2.989251
1566	-3441.691	-3700.809	259.1177	1.141557	3.24026
1572	-3435.173	-3691.707	256.5341	0.9120475	4.848286
1578	-3431.045	-3687.757	256.7124	0.7690362	4.828621
1584	-3427.988	-3684.694	256.7064	0.9242387	4.745308
1590	-3429.213	-3685.252	256.0389	0.8857474	5.138069
1596	-3425.627	-3682.107	256.48	0.8833073	4.894451
1602	-3434.51	-3691.519	257.0085	0.8833073	4.599066
1608	-3449.163	-3705.535	256.3721	0.8367053	4.980378
1614	-3436.846	-3694.985	258.1396	1.009621	3.886164
1620	-3435.333	-3694.359	259.0253	1.086054	3.327448
1626	-3433.785	-3692.701	258.9163	1.195112	3.327448
1632	-3441.393	-3700.371	258.9783	1.284671	3.238067
1638	-3433.089	-3691.484	258.3952	1.113392	3.679083
1644	-3430.698	-3689.722	259.0241	1.07885	3.332409
1650	-3439.612	-3699.054	259.4424	1.070377	3.08972
1656	-3444.906	-3702.507	257.6007	0.9824649	4.209097
1662	-3433.867	-3690.873	257.0067	0.7890399	4.652945
1668	-3434.777	-3691.996	257.2191	0.8194342	4.516663
1674	-3453.599	-3712.045	258.4465	1.166068	3.618816
1680	-3451.418	-3709.808	258.3897	0.9853622	3.756222
1686	-3452.093	-3710.306	258.2121	1.060852	3.815023
1692	-3443.484	-3701.523	258.0388	1.038666	3.927259
1698	-3439.027	-3697.663	258.6366	1.10869	3.541728
1704	-3436.039	-3694.589	258.5501	1.093819	3.600654
1710	-3457.035	-3714.935	257.8998	0.9099365	4.080237
1716	-3436.418	-3693.454	257.0356	0.9419518	4.550933
1722	-3432.205	-3689.27	257.0653	0.7673635	4.632222
1728	-3431.395	-3688.373	256.9783	0.8255834	4.648344
1734	-3437.465	-3694.445	256.9803	0.8235894	4.648344
1740	-3426.85	-3684.646	257.796	0.9036338	4.142954
1746	-3414.403	-3673.23	258.8261	1.030349	3.476865
1752	-3422.63	-3680.519	257.8893	0.8242494	4.135004
1758	-3435.311	-3693.832	258.5208	1.063088	3.635483
1764	-3437.789	-3696.906	259.1173	1.116907	3.25502
1770	-3443.399	-3703.215	259.8161	1.237267	2.763608
1776	-3438.85	-3698.836	259.9859	1.21047	2.676055
1782	-3431.884	-3691.818	259.9336	1.246349	2.686099
1788	-3442.428	-3701.11	258.6822	1.193977	3.465337
1794	-3433.908	-3691.299	257.3911	1.001588	4.317
1800	-3437.297	-3695.329	258.0316	0.9676677	3.972033
1806	-3436.249	-3693.615	257.3661	1.009044	4.326908
1812	-3434.522	-3691.708	257.1858	1.016424	4.424535
1818	-3443.944	-3702.238	258.2935	1.050052	3.774364
1824	-3447.879	-3705.347	257.4679	1.009455	4.269084
1830	-3437.58	-3696.311	258.7312	1.028582	3.533256
1836	-3445.357	-3703.588	258.2312	1.028582	3.822628
1842	-3448.086	-3706.198	258.112	1.081184	3.860887
1848	-3455.567	-3713.793	258.226	0.9884868	3.848644
1854	-3434.995	-3691.876	256.8805	0.907281	4.657355
1860	-3434.146	-3691.557	257.4114	0.9885798	4.312879
1866	-3425.306	-3683.691	258.385	1.02102	3.738356
1872	-3420.945	-3678.823	257.8782	0.996266	4.043361
1878	-3421.724	-3679.085	257.3611	1.039943	4.312252
1884	-3420.837	-3677.812	256.9755	0.9967263	4.55391
1890	-3422.614	-3680.721	258.1072	0.9980168	3.911399
1896	-3414.367	-3672.823	258.4564	1.097276	3.652952
1902	-3423.122	-3682.204	259.0827	1.081956	3.296087
1908	-3433.486	-3691.889	258.4034	1.072938	3.697763
1914	-3433.592	-3692.618	259.0264	1.172245	3.276027
1920	-3444.311	-3702.426	258.1147	1.032523	3.887271
1926	-3438.923	-3697.061	258.1378	1.008213	3.887989
1932	-3433.525	-3692.739	259.2139	1.039503	3.243708
1938	-3423.804	-3681.536	257.7328	1.01715	4.114326
1944	-3431.059	-3689.01	257.951	1.01715	3.989847
1950	-3436.218	-3694.228	258.0098	1.08201	3.919073
1956	-3442.815	-3700.891	258.0767	1.015147	3.919073
1962	-3441.873	-3699.839	257.9661	1.051603	3.961502
1968	-3437.542	-3695.672	258.1298	0.9995365	3.897555
1974	-3441.724	-3699.857	258.1334	1.022258	3.882444
1980	-3432.205	-3690.217	258.0124	0.9767721	3.977848
1986	-3432.13	-3689.47	257.34	0.9767721	4.359903
1992	-3427.595	-3684.931	257.3361	1.05998	4.315083
1998	-3418.766	-3676.304	257.5379	0.8581109	4.315083
2004	-3434.537	-3692.301	257.7632	1.047337	4.079786
2010	-3444.217	-3702.135	257.9184	1.03558	3.997951
2016	-3443.533	-3701.336	257.8026	0.9955554	4.086849
2022	-3438.318	-3696.361	258.0437	1.079599	3.901008
2028	-3438.629	-3696.593	257.9636	0.9847195	4.001196
2034	-3437.307	-3694.263	256.9561	1.014718	4.554697
2040	-3436.299	-3693.562	257.2632	0.8911522	4.451514
2046	-3438.703	-3695.851	257.1486	0.8577383	4.534762
2052	-3435.535	-3693.269	257.7336	0.8706513	4.197118
2058	-3427.98	-3685.648	257.6676	0.936698	4.197118
2064	-3430.971	-3689.079	258.1076	1.033171	3.890998
2070	-3443.455	-3701.551	258.0962	0.9494428	3.945525
2076	-3440.934	-3699.233	258.2997	1.043976	3.774322
2082	-3449.51	-3707.839	258.3289	0.9636593	3.803751
2088	-3454.991	-3713.241	258.25	1.043707	3.803094
2094	-3459.046	-3715.796	256.75	0.9432151	4.71032
2100	-3444.865	-3702.245	257.3802	0.9405294	4.357632
2106	-3444.865	-3701.739	256.8739	0.8931334	4.668973
2112	-3438.731	-3696.584	257.8529	0.9491355	4.08463
2118	-3435.612	-3692.938	257.3265	0.8849482	4.419302
2124	-3434.641	-3692.761	258.1192	1.003514	3.901364
2130	-3437.697	-3696.112	258.415	1.145415	3.6491
2136	-3441.034	-3699.651	258.6174	1.066804	3.577237
2142	-3443.933	-3701.423	257.4904	0.885181	4.326672
2148	-3443.106	-3700.006	256.9	0.8123387	4.699608
2154	-3449.728	-3708.157	258.4286	1.100477	3.667202
2160	-3455.398	-3714.306	258.9084	1.065744	3.408036
2166	-3446.862	-3704.512	257.6495	0.9277691	4.212447
2172	-3433.586	-3690.923	257.3369	0.9135709	4.397312
2178	-3427.258	-3685.871	258.6135	0.9954169	3.620938
2184	-3426.512	-3685.393	258.8812	1.11818	3.393229
2190	-3432.534	-3691.561	259.0266	1.218679	3.248527
2196	-3437.182	-3696.048	258.866	1.199035	3.3547
2202	-3436.546	-3694.245	257.6989	1.036309	4.122673
2208	-3435.388	-3692.559	257.1706	0.942391	4.474755
2214	-3458.383	-3717.708	259.3245	1.263624	3.044698
2220	-3445.361	-3703.398	258.0366	0.9626106	3.972076
2226	-3446.257	-3703.28	257.0236	0.8654758	4.600596
2232	-3439.088	-3696.472	257.3831	1.022255	4.309838
2238	-3437.359	-3693.378	256.019	0.9554993	5.110436
2244	-3437.206	-3694.153	256.9477	0.8155627	4.671119
2250	-3440.313	-3697.783	257.4702	0.8449268	4.360803
2256	-3434.912	-3692.043	257.1313	0.9501371	4.492555
2262	-3435.614	-3692.836	257.222	0.8780953	4.48201
2268	-3450.422	-3706.69	256.2686	0.8247933	5.044495
2274	-3436.263	-3693.339	257.0764	0.8820749	4.561647
2280	-3460.444	-3719.389	258.9445	1.117898	3.35626
2286	-3457.502	-3715.527	258.0259	1.084592	3.908372
2292	-3457.349	-3715.782	258.4336	1.051328	3.692789
2298	-3452.956	-3712.259	259.3038	1.099564	3.154804
2304	-3449.383	-3706.791	257.4078	1.151145	4.22285
2310	-3445.769	-3703.258	257.4893	1.132872	4.186944
2316	-3446.233	-3703.714	257.4805	0.9968616	4.26908
2322	-3443.691	-3701.749	258.0579	0.9491604	3.967573
2328	-3452.603	-3709.879	257.2757	0.9950521	4.385877
2334	-3444.77	-3701.472	256.7021	0.7974604	4.818474
2340	-3433.019	-3689.958	256.9396	0.8177829	4.674379
2346	-3426.878	-3684.92	258.042	0.9821689	3.95779
2352	-3432.58	-3689.703	257.1229	0.7842537	4.590457
2358	-3427.196	-3682.991	255.7957	0.8773573	5.277196
2364	-3429.931	-3687.065	257.1338	0.7937684	4.579001
2370	-3430.244	-3688.171	257.9276	0.9146261	4.061743
2376	-3424.91	-3683.111	258.2008	1.001306	3.855806
2382	-3436.848	-3694.986	258.1372	0.960761	3.915534
2388	-3437.523	-3695.819	258.2953	1.03378	3.782704
2394	-3441.285	-3700.046	258.7612	1.020134	3.520713
2400	-3436.908	-3694.504	257.596	0.8690881	4.275988
2406	-3447.594	-3706.158	258.5634	1.010355	3.641323
2412	-3448.039	-3706.468	258.4285	0.9941544	3.728774
2418	-3450.177	-3708.259	258.0818	0.8983388	3.983004
2424	-3431.069	-3688.366	257.297	0.8834275	4.436789
2430	-3429.673	-3687.717	258.0434	0.9866983	3.954414
2436	-3442.413	-3700.663	258.2501	1.138443	3.748454
2442	-3435.591	-3694.278	258.6876	1.009655	3.56963
2448	-3426.467	-3685.53	259.0635	1.054943	3.32333
2454	-3428.089	-3686.95	258.8606	0.9781012	3.487262
2460	-3430.543	-3688.42	257.8773	0.9781012	4.054228
2466	-3434.142	-3693.002	258.8599	1.222394	3.344593
2472	-3431.872	-3690.237	258.365	0.9285603	3.803175
2478	-3442.549	-3700.441	257.8918	0.9285603	4.074204
2484	-3449.489	-3706.745	257.2561	0.8452525	4.481305
2490	-3438.137	-3697.386	259.2489	1.174961	3.142637
2496	-3438.604	-3697.497	258.8929	1.016343	3.446052
2502	-3446.634	-3703.856	257.2221	0.7866975	4.533358
2508	-3448.765	-3705.816	257.0511	0.905735	4.56259
2514	-3447.189	-3703.817	256.6277	0.7794793	4.870015
2520	-3448.073	-3704.812	256.7392	0.7850729	4.804693
2526	-3439.362	-3696.177	256.8151	0.8097837	4.748514
2532	-3426.405	-3683.197	256.7918	0.8795034	4.722564
2538	-3422.371	-3678.974	256.6027	0.8198431	4.861456
2544	-3437.989	-3695.187	257.198	0.8198431	4.528272
2550	-3446.855	-3704.951	258.0966	0.9630348	3.937529
2556	-3436.067	-3694.255	258.1873	1.132356	3.788152
2562	-3442.137	-3699.351	257.2142	0.9895043	4.423653
2568	-3444.532	-3700.993	256.4608	0.8318647	4.933786
2574	-3449.186	-3706.197	257.0107	0.8565384	4.612874
2580	-3437.506	-3695.759	258.2529	0.9902643	3.832177
2586	-3438.084	-3696.23	258.1455	0.9650317	3.908326
2592	-3444.66	-3702.896	258.2363	1.068405	3.796792
2598	-3442.971	-3701.683	258.7127	1.110245	3.496462
2604	-3440.848	-3698.57	257.7221	0.921014	4.175073
2610	-3441.343	-3699.611	258.268	0.9756388	3.831901
2616	-3438.722	-3696.379	257.6567	0.8965322	4.226073
2622	-3430.784	-3687.333	256.5487	0.8965322	4.848793
2628	-3431.591	-3688.674	257.0824	0.9163798	4.53903
2634	-3443.145	-3701.119	257.974	1.065444	3.94908
2640	-3451.511	-3709.147	257.636	0.9631238	4.20004
2646	-3434.315	-3691.81	257.4951	0.9691924	4.276457
2652	-3435.231	-3692.592	257.3613	0.8969028	4.392926
2658	-3446.965	-3705.431	258.466	0.8166227	3.809453
2664	-3437.13	-3693.38	256.2506	0.7948731	5.071108
2670	-3437.561	-3696.144	258.5835	1.001587	3.634748
2676	-3439.025	-3697.315	258.2904	1.095025	3.750242
2682	-3438.58	-3698.061	259.4803	1.221216	2.97668
2688	-3426.886	-3685.158	258.2721	1.017559	3.805454
2694	-3431.838	-3689.177	257.339	1.219995	4.222824
2700	-3439.123	-3697.984	258.8607	1.245937	3.330268
2706	-3440.573	-3699.454	258.8817	1.224928	3.330268
2712	-3452.193	-3710.122	257.9295	0.9008263	4.068549
2718	-3442.541	-3700.075	257.5336	0.9136692	4.286083
2724	-3445.103	-3704.338	259.2345	0.9847166	3.26388
2730	-3429.322	-3687.53	258.2084	0.9993139	3.852567
2736	-3421.211	-3679.293	258.0822	1.00862	3.919631
2742	-3434.186	-3692.54	258.3542	1.00862	3.763308
2748	-3429.71	-3687.548	257.8385	1.085738	4.014962
2754	-3443.033	-3700.537	257.5038	1.071436	4.213562
2760	-3451.744	-3709.798	258.0536	0.9902175	3.946539
2766	-3445.545	-3703.03	257.4847	1.056415	4.232949
2772	-3441.998	-3700.563	258.5657	1.050229	3.616894
2778	-3436.097	-3693.598	257.5009	0.95004	4.284039
2784	-3436.565	-3693.884	257.3181	0.9201813	4.404175
2790	-3429.384	-3687.639	258.255	0.9814191	3.836081
2796	-3431.289	-3689.541	258.2525	1.104804	3.766449
2802	-3428.602	-3686.768	258.1661	1.044481	3.850909
2808	-3428.682	-3687.455	258.773	0.9311969	3.565643
2814	-3436.218	-3694.764	258.5453	1.080568	3.611114
2820	-3447.848	-3705.219	257.3718	0.9020804	4.384122
2826	-3452.043	-3710.262	258.219	0.9813222	3.856805
2832	-3443.165	-3701.018	257.8533	0.902769	4.110822
2838	-3436.721	-3694.096	257.3749	0.902769	4.381936
2844	-3438.833	-3695.402	256.5685	0.8186762	4.881143
2850	-3446.992	-3705.075	258.083	0.8968228	3.983188
2856	-3446.986	-3704.549	257.5631	0.980435	4.23154
2862	-3447.895	-3705.746	257.8512	1.046957	4.029848
2868	-3435.879	-3695.168	259.2891	1.10118	3.162604
2874	-3435.452	-3694.13	258.678	1.133673	3.503014
2880	-3441.05	-3699.157	258.1067	1.077642	3.865974
2886	-3437.694	-3695.723	258.0286	1.070205	3.915078
2892	-3442.798	-3700.146	257.3481	0.9526365	4.368933
2898	-3430.984	-3686.772	255.7886	0.7974696	5.325234
2904	-3440.369	-3697.231	256.8622	0.7386941	4.761933
2910	-3437.733	-3696.827	259.0944	1.088553	3.285295
2916	-3429.78	-3688.023	258.2436	0.9687857	3.849878
2922	-3431.37	-3689.038	257.6684	0.9495848	4.189345
2928	-3443.003	-3700.373	257.3703	0.8916009	4.390875
2934	-3440.605	-3698.92	258.3147	1.000253	3.790877
2940	-3434.844	-3691.876	257.0318	0.8829733	4.586166
2946	-3427.342	-3684.374	257.0318	0.8829733	4.586166
2952	-3439.911	-3696.304	256.3928	0.7907786	4.994401
2958	-3434.733	-3691.665	256.9318	0.7907786	4.693866
2964	-3441.923	-3699.28	257.3565	0.7617377	4.471819
2970	-3432.597	-3690.105	257.5073	0.9387001	4.286832
2976	-3428.549	-3686.544	257.9957	0.8814456	4.041839
2982	-3425.78	-3683.708	257.928	0.98687	4.020258
2988	-3445.757	-3702.593	256.8366	0.848949	4.714591
2994	-3444.919	-3701.804	256.8848	0.8475641	4.688406
3000	-3436.354	-3694.107	257.7523	0.8740094	4.184576
3006	-3439.051	-3696.766	257.7141	0.9121968	4.184576
3012	-3435.774	-3693.195	257.4218	0.9121968	4.350165
3018	-3447.576	-3705.874	258.2974	0.9099436	3.852741
3024	-3445.227	-3702.212	256.9855	0.8807971	4.613401
3030	-3441.903	-3698.502	256.5992	0.8380085	4.853279
3036	-3426.173	-3683.235	257.0623	0.8694704	4.57667
3042	-3428.346	-3684.566	256.2206	0.8159312	5.076052
3048	-3439.713	-3696.189	256.4769	0.8159312	4.93367
3054	-3431.079	-3687.998	256.9188	0.8086714	4.691168
3060	-3443.676	-3700.576	256.8999	0.8274887	4.691168
3066	-3442.478	-3697.998	255.5195	0.7906263	5.477281
3072	-3439.26	-3696.23	256.9703	0.758257	4.690552
3078	-3447.779	-3705.04	257.2611	0.8215169	4.491851
3084	-3436.424	-3693.586	257.1626	0.7823385	4.569275
3090	-3432.827	-3691.591	258.7645	1.021361	3.518059
3096	-3439.533	-3698.154	258.6204	1.165464	3.518059
3102	-3436.793	-3695.685	258.8912	1.021792	3.443866
3108	-3437.84	-3695.88	258.0401	0.9021854	4.004599
3114	-3431.377	-3687.74	256.3632	0.9369962	4.929557
3120	-3439.584	-3695.996	256.4125	0.8276588	4.962974
3126	-3437.408	-3693.867	256.458	0.783707	4.962081
3132	-3430.094	-3686.495	256.4012	0.8405404	4.962081
3138	-3432.391	-3690.483	258.0918	0.9097235	3.970764
3144	-3421.577	-3678.787	257.2106	0.9000613	4.476093
3150	-3428.989	-3685.354	256.3642	0.778381	5.017191
3156	-3425.185	-3681.517	256.3324	0.7888411	5.029034
3162	-3435.195	-3690.409	255.2138	0.7441581	5.670739
3168	-3438.751	-3695.689	256.9373	0.7445582	4.716692
3174	-3438.055	-3694.703	256.6482	0.8822377	4.801265
3180	-3439.288	-3698.343	259.0552	1.034876	3.339987
3186	-3433.044	-3690.973	257.9288	0.9445641	4.043972
3192	-3434.015	-3691.637	257.6221	0.8398814	4.277779
3198	-3421.058	-3677.017	255.9597	0.8071813	5.225361
3204	-3423.072	-3680.549	257.4763	0.8452413	4.357193
3210	-3443.585	-3701.514	257.9291	0.9060656	4.065747
3216	-3425.442	-3683.373	257.9309	0.9647953	4.031244
3222	-3430.498	-3688.545	258.0474	1.015635	3.935531
3228	-3429.23	-3686.351	257.1203	0.9097652	4.521413
3234	-3439.881	-3696.163	256.2815	0.8105565	5.045241
3240	-3437.999	-3694.68	256.6804	0.996089	4.719661
3246	-3431.585	-3690.095	258.5106	1.046257	3.65111
3252	-3447.279	-3706.051	258.7716	0.9468796	3.557298
3258	-3444.818	-3703.424	258.6066	1.111924	3.557298
3264	-3437.766	-3696.445	258.6787	1.085837	3.530485
3270	-3436.296	-3694.478	258.182	1.052134	3.837396
3276	-3430.184	-3688.623	258.4388	1.078738	3.673888
3282	-3433	-3691.185	258.1853	1.021913	3.852847
3288	-3426.492	-3684.528	258.0355	1.003174	3.94951
3294	-3424.179	-3681.615	257.4362	0.9292211	4.332398
3300	-3432.422	-3689.239	256.8168	0.8394851	4.730952
3306	-3430.947	-3688.266	257.3194	0.8394851	4.448959
3312	-3431.367	-3688.302	256.9356	0.7846555	4.695199
3318	-3435.516	-3691.971	256.455	0.8252206	4.940691
3324	-3430.357	-3687.145	256.7876	0.847453	4.742821
3330	-3431.4	-3687.92	256.5192	1.032196	4.789551
3336	-3433.423	-3690.87	257.4468	1.102575	4.228269
3342	-3430.273	-3688.397	258.1236	0.8609256	3.980505
3348	-3416.524	-3674.656	258.1318	0.9337023	3.934146
3354	-3419.332	-3678.316	258.9845	1.061678	3.365789
3360	-3434.661	-3694.433	259.7725	1.096644	2.875616
3366	-3444.212	-3703.681	259.4693	1.096644	3.057943
3372	-3445.506	-3704.849	259.343	1.222902	3.057943
3378	-3436.95	-3695.232	258.2825	0.996124	3.811796
3384	-3445.634	-3702.763	257.1291	0.8712629	4.538102
3390	-3451.481	-3708.625	257.1442	0.8580269	4.537092
3396	-3445.593	-3701.647	256.0538	0.8212162	5.165523
3402	-3447.874	-3704.231	256.3576	0.719944	5.053312
3408	-3456.592	-3714.107	257.5142	1.097531	4.192877
3414	-3441.788	-3699.538	257.7499	0.9908018	4.11956
3420	-3438.485	-3695.932	257.4475	0.9088748	4.337486
3426	-3437.324	-3694.051	256.7272	0.8742047	4.761649
3432	-3426.272	-3684.601	258.3295	0.8949326	3.842934
3438	-3428.45	-3686.835	258.3851	1.06581	3.712447
3444	-3434.391	-3692.185	257.7938	0.9904236	4.09479
3450	-3434.039	-3691.413	257.3742	0.9544306	4.353197
3456	-3439.359	-3697.85	258.4914	0.9542798	3.715449
3462	-3439.498	-3696.814	257.3161	0.9796337	4.371781
3468	-3439.705	-3698.242	258.537	1.049908	3.633703
3474	-3447.166	-3706.163	258.997	1.071604	3.352625
3480	-3443.423	-3701.852	258.4294	0.9717038	3.741206
3486	-3439.643	-3698.453	258.8106	1.005255	3.500572
3492	-3433.164	-3691.531	258.367	1.018292	3.75034
3498	-3427.73	-3684.258	256.5276	0.8283492	4.898527
3504	-3427.758	-3685.408	257.6504	0.9581895	4.194641
3510	-3425.256	-3683.046	257.7891	0.8194711	4.194641
3516	-3425.622	-3681.672	256.0494	0.8230433	5.166981
3522	-3427.05	-3684.748	257.6975	0.9534663	4.170566
3528	-3433.451	-3690.578	257.1267	0.7517809	4.606548
3534	-3442.709	-3700.531	257.8217	0.938629	4.108412
3540	-3432.981	-3691.014	258.0327	1.043326	3.928133
3546	-3442.37	-3700.492	258.1219	0.9806301	3.912932
3552	-3438.963	-3696.265	257.3023	1.062621	4.332694
3558	-3445.352	-3702.934	257.5826	1.031194	4.191698
3564	-3445.27	-3702.671	257.4006	0.9164662	4.359725
3570	-3435.232	-3692.991	257.7589	0.9867692	4.116763
3576	-3422.304	-3680.301	257.997	0.9543748	3.999454
3582	-3419.771	-3677.327	257.5558	0.9430393	4.256904
3588	-3429.841	-3687.173	257.3322	1.059732	4.317434
3594	-3435.401	-3693.212	257.8107	1.029757	4.062748
3600	-3435.162	-3693.368	258.2058	1.028452	3.837305
3606	-3443.108	-3700.735	257.627	0.9856754	4.192349
3612	-3434.447	-3692.923	258.476	0.9399081	3.732653
3618	-3432.333	-3689.855	257.5226	0.8938394	4.30352
3624	-3433.292	-3691.319	258.0275	0.9661869	3.975255
3630	-3432.049	-3690.962	258.9126	1.043523	3.418595
3636	-3433.715	-3692.438	258.7235	1.021776	3.541706
3642	-3440.894	-3698.907	258.013	0.9867327	3.971809
3648	-3437.653	-3695.41	257.7568	0.87956	4.178873
3654	-3431.291	-3689.88	258.5898	0.9907718	3.637384
3660	-3432.822	-3691.066	258.244	0.9667083	3.850809
3666	-3431.664	-3689.749	258.0848	1.044594	3.897522
3672	-3434.907	-3693.348	258.4405	0.966794	3.737637
3678	-3420.696	-3678.498	257.8014	0.966794	4.1039
3684	-3434.367	-3691.469	257.1023	0.9138484	4.529265
3690	-3439.308	-3696.916	257.6082	0.7708638	4.324708
3696	-3431.256	-3687.691	256.4349	0.8306776	4.948858
3702	-3430.775	-3687.166	256.3909	0.8316448	4.972745
3708	-3424.854	-3681.291	256.4373	0.8514066	4.935985
3714	-3436.596	-3692.834	256.2378	0.7521766	5.101876
3720	-3437.445	-3692.931	255.4862	0.8050765	5.487635
3726	-3441.039	-3698.146	257.1066	0.9202928	4.523219
3732	-3455.157	-3711.879	256.722	0.884022	4.759039
3738	-3454.559	-3712.101	257.5427	0.8562722	4.313409
3744	-3448.166	-3705.591	257.4256	0.9598067	4.321095
3750	-3440.568	-3697.815	257.2474	0.8586518	4.478681
3756	-3437.453	-3695.024	257.5712	0.8654847	4.292112
3762	-3437.022	-3694.422	257.4002	0.8949635	4.372098
3768	-3460.909	-3717.019	256.11	0.878767	5.102552
3774	-3435.337	-3693.349	258.0116	0.995166	3.967782
3780	-3434.617	-3692.664	258.047	0.9597422	3.967782
3786	-3431.017	-3689.054	258.0374	0.9597422	3.973253
3792	-3453.364	-3709.954	256.5895	0.9872939	4.775391
3798	-3439.02	-3696.13	257.1103	0.9078093	4.528138
3804	-3445.882	-3702.815	256.9336	0.8900634	4.637256
3810	-3444.319	-3701.908	257.5891	0.9624374	4.227017
3816	-3427.177	-3684.801	257.624	0.9275166	4.227017
3822	-3431.111	-3688.177	257.0659	0.7842201	4.622461
3828	-3425.269	-3681.815	256.5459	0.8839246	4.857366
3834	-3442.334	-3699.406	257.0725	0.8547509	4.57919
3840	-3440.772	-3698.907	258.1358	1.070841	3.853151
3846	-3430.084	-3689.142	259.0584	1.132169	3.280821
3852	-3443.509	-3702.341	258.8316	1.042844	3.466353
3858	-3433.745	-3692.506	258.7607	1.113814	3.466353
3864	-3431.082	-3690.352	259.2705	1.113814	3.166125
3870	-3436.21	-3695.096	258.8863	1.179212	3.354445
3876	-3461.913	-3721.839	259.9267	1.254368	2.685445
3882	-3439.607	-3697.615	258.0076	1.007465	3.962993
3888	-3432.864	-3690.608	257.7443	0.9183806	4.163947
3894	-3428.479	-3686.054	257.5749	0.9098365	4.264875
3900	-3436.107	-3692.754	256.6464	0.7899181	4.853749
3906	-3429.192	-3685.831	256.6386	0.7977439	4.853749
3912	-3433.961	-3692.447	258.4853	1.101798	3.633596
3918	-3430.451	-3688.274	257.8236	1.033081	4.053479
3924	-3426.871	-3684.733	257.8623	1.037159	4.029093
3930	-3430.76	-3689.951	259.1906	1.002252	3.279447
3936	-3432.366	-3690.731	258.3648	1.056889	3.729334
3942	-3438.691	-3696.887	258.196	0.8923456	3.921066
3948	-3430.054	-3687.9	257.8465	0.9529017	4.086157
3954	-3437.518	-3695.103	257.5854	0.8924631	4.268789
3960	-3425.008	-3681.923	256.9148	0.9260239	4.627644
3966	-3421.757	-3679.549	257.7916	0.9143298	4.139377
3972	-3425.6	-3682.365	256.7653	0.875623	4.739573
3978	-3441.759	-3699.294	257.5346	0.9200751	4.28189
3984	-3436.504	-3694.567	258.063	0.8907778	3.998069
3990	-3436.959	-3694.259	257.3001	0.8613277	4.447525
3996	-3444.966	-3703.315	258.3496	0.9776236	3.783803
4002	-3428.832	-3686.322	257.4897	0.937909	4.297205
4008	-3436.507	-3694.018	257.5107	0.8992141	4.307236
4014	-3445.196	-3703.395	258.1992	0.8815647	3.925379
4020	-3440.166	-3697.772	257.6065	0.8749312	4.26678
4026	-3433.149	-3690.711	257.5622	0.9191799	4.26678
4032	-3428.192	-3685.869	257.6772	0.9558715	4.180741
4038	-3433.762	-3691.978	258.2162	1.074124	3.805025
4044	-3424.641	-3682.037	257.3959	0.9401577	4.348999
4050	-3446.443	-3705.423	258.9798	1.045096	3.37829
4056	-3449.185	-3708.489	259.304	1.175741	3.109388
4062	-3441.892	-3699.043	257.1507	0.8988676	4.510472
4068	-3435.952	-3693.138	257.1861	0.8971641	4.49152
4074	-3426.985	-3684.967	257.9826	0.9315296	4.020719
4080	-3429.97	-3688.184	258.2135	0.8913488	3.911592
4086	-3426.819	-3683.449	256.6308	0.9081545	4.796515
4092	-3430.209	-3686.862	256.6531	0.8913833	4.793416
4098	-3424.365	-3682.341	257.9759	1.020894	3.973477
4104	-3425.482	-3684.914	259.4327	1.173553	3.033829
4110	-3434.118	-3693.628	259.5096	1.134779	3.010976
4116	-3425.29	-3682.837	257.5467	0.9927021	4.233881
4122	-3439.612	-3697.629	258.0163	0.9118938	4.012683
4128	-3442.102	-3698.822	256.7206	1.009382	4.689744
4134	-3426.776	-3685.455	258.6796	1.134219	3.501791
4140	-3435.49	-3694.801	259.3114	1.192971	3.094725
4146	-3434.753	-3693.307	258.554	1.003381	3.650849
4152	-3436.252	-3695.129	258.8772	1.126251	3.390889
4158	-3428.088	-3687.083	258.995	1.173462	3.293865
4164	-3434.27	-3692.22	257.9503	0.9080863	4.052503
4170	-3425.688	-3683.049	257.3611	0.8612951	4.413121
4176	-3419.375	-3676.383	257.0071	0.8897758	4.596241
4182	-3428.165	-3686.404	258.2388	0.9709969	3.851375
4188	-3418.358	-3674.974	256.6159	0.8899216	4.814994
4194	-3425.554	-3682.355	256.8008	0.9846961	4.658667
4200	-3432.321	-3689.214	256.8935	0.8941331	4.657474
4206	-3439.176	-3698.047	258.8713	0.9869346	3.475827
4212	-3435.106	-3694.16	259.0534	1.119494	3.291241
4218	-3422.349	-3681.207	258.8574	1.171232	3.376113
4224	-3430.729	-3688.102	257.3732	1.006452	4.324338
4230	-3432.63	-3690.653	258.0229	0.9797569	3.970138
4236	-3430.761	-3688.402	257.641	1.058427	4.143054
4242	-3433.149	-3691.469	258.3202	1.113225	3.722521
4248	-3439.992	-3698.998	259.0053	1.094963	3.334024
4254	-3436.54	-3695.323	258.7822	0.9409675	3.554585
4260	-3426.291	-3684.168	257.8768	1.049903	4.013531
4266	-3429.771	-3687.75	257.9788	0.9217816	4.028416
4272	-3437.741	-3696.187	258.4461	1.088466	3.66406
4278	-3444.246	-3702.692	258.4465	1.088025	3.66406
4284	-3439.658	-3697.738	258.0802	1.114778	3.859884
4290	-3439.14	-3697.642	258.5016	1.039978	3.659984
4296	-3441.959	-3700.406	258.447	1.094584	3.659984
4302	-3436.892	-3694.683	257.7915	1.02505	4.076384
4308	-3441.485	-3699.647	258.1623	0.8436683	3.968222
4314	-3437.534	-3694.344	256.8107	0.8625252	4.721515
4320	-3436.95	-3694.349	257.3986	0.8815213	4.38056
4326	-3439.331	-3696.989	257.6582	0.8815213	4.233739
4332	-3429.579	-3686.446	256.8671	0.9352962	4.649212
4338	-3424.001	-3681.551	257.5496	0.9352962	4.264818
4344	-3440.805	-3697.092	256.2869	0.8816497	5.002779
4350	-3435.922	-3692.802	256.8796	0.9085358	4.657209
4356	-3436.367	-3693.115	256.7482	0.8505858	4.763123
4362	-3435.71	-3692.906	257.1952	0.9034548	4.482829
4368	-3436.021	-3693.58	257.5588	0.9034548	4.277601
4374	-3446.805	-3704.873	258.0681	1.024103	3.918842
4380	-3435.816	-3694.257	258.4412	1.055141	3.686144
4386	-3435.694	-3693.864	258.1709	1.024065	3.859908
4392	-3427.484	-3686.557	259.0732	1.053502	3.31842
4398	-3422.44	-3681.171	258.7318	1.070524	3.508483
4404	-3432.316	-3690.93	258.6142	1.045157	3.591663
4410	-3433.435	-3692.224	258.7881	1.065938	3.478291
4416	-3433.854	-3692.349	258.4944	1.038684	3.664921
4422	-3424.179	-3681.463	257.2845	0.8969246	4.436228
4428	-3438.955	-3696.123	257.1683	0.7890723	4.562247
4434	-3439.724	-3697.67	257.9461	1.007263	3.998274
4440	-3432.186	-3691.53	259.3443	0.9955441	3.192542
4446	-3434.125	-3692.018	257.8939	1.051431	4.002915
4452	-3431.99	-3689.434	257.4438	0.9025253	4.343176
4458	-3436.521	-3694.501	257.9793	0.881267	4.051287
4464	-3442.933	-3700.807	257.8743	0.9894536	4.049433
4470	-3444.686	-3702.713	258.0273	1.025571	3.941366
4476	-3440.164	-3698.286	258.1223	1.004527	3.898997
4482	-3439.912	-3697.983	258.0707	0.9571539	3.955714
4488	-3444.695	-3703.423	258.7281	0.9536272	3.578695
4494	-3451.842	-3710.298	258.4563	1.056854	3.676419
4500	-3441.149	-3698.977	257.828	0.9885161	4.076376
4506	-3438.467	-3696.512	258.0454	1.027942	3.929636
4512	-3447.301	-3704.604	257.3029	0.7645875	4.500409
4518	-3444.459	-3701.799	257.3401	0.9488021	4.375603
4524	-3435.083	-3692.581	257.4973	0.8980796	4.315433
4530	-3429.018	-3686.115	257.0971	0.9278366	4.52432
4536	-3415.352	-3673.023	257.6709	0.9502041	4.187529
4542	-3427.212	-3684.352	257.1403	0.827669	4.556332
4548	-3425.635	-3683.165	257.53	0.7807806	4.363281
4554	-3428.139	-3685.559	257.4205	0.8437699	4.389534
4560	-3430.08	-3687.664	257.5847	0.95269	4.235051
4566	-3436.314	-3694.474	258.1596	1.015226	3.871466
4572	-3434.322	-3692.597	258.2752	1.015226	3.804998
4578	-3433.62	-3692.893	259.2733	1.116371	3.162952
4584	-3428.311	-3687.435	259.1248	1.264912	3.162952
4590	-3429.498	-3689.361	259.8626	1.237841	2.734872
4596	-3429.618	-3689.441	259.8227	1.22196	2.768934
4602	-3440.698	-3699.702	259.0039	1.083045	3.341818
4608	-3432.262	-3690.089	257.8274	1.045657	4.044158
4614	-3436.555	-3694.912	258.3574	1.045657	3.740055
4620	-3438.816	-3696.584	257.7684	1.00571	4.100539
4626	-3429.465	-3688.058	258.5934	0.9028155	3.686254
4632	-3431.382	-3688.15	256.7678	0.9739593	4.68315
4638	-3435.58	-3692.486	256.9065	0.835212	4.68315
4644	-3438.47	-3694.054	255.5839	0.8291953	5.420574
4650	-3433.861	-3690.43	256.5691	0.7473188	4.92056
4656	-3442.486	-3699.099	256.6131	0.7441336	4.89783
4662	-3438.596	-3696.321	257.7248	0.9393554	4.16312
4668	-3433.041	-3689.963	256.9225	0.8642867	4.657949
4674	-3429.157	-3687.298	258.1411	0.8389703	3.983021
4680	-3424.881	-3681.895	257.014	0.7748808	4.656742
4686	-3428.024	-3684.919	256.8953	0.8936362	4.656742
4692	-3429.565	-3686.094	256.5285	0.8694702	4.875138
4698	-3443.591	-3700.271	256.6801	0.7443501	4.860368
4704	-3440.183	-3695.884	255.701	0.8589003	5.339653
4710	-3436.222	-3691.996	255.7746	0.7853943	5.339653
4716	-3434.741	-3691.994	257.253	0.8357363	4.488402
4722	-3442.424	-3699.902	257.4779	0.9827553	4.278493
4728	-3443.442	-3701.032	257.5891	0.8716414	4.278493
4734	-3434.089	-3690.549	256.4601	0.9048224	4.893557
4740	-3435.41	-3693.138	257.7273	0.7519076	4.268015
4746	-3442.738	-3700.132	257.3941	0.9507859	4.344001
4752	-3442.198	-3699.99	257.7918	0.8619986	4.168972
4758	-3434.307	-3691.985	257.6775	0.8904949	4.217676
4764	-3438.958	-3697.26	258.3021	0.9259045	3.840912
4770	-3429.457	-3687.546	258.0899	0.9677536	3.938629
4776	-3430.184	-3687.296	257.1122	1.052464	4.445668
4782	-3424.022	-3681.637	257.6156	0.9189918	4.236648
4788	-3426.414	-3683.918	257.5039	0.9770007	4.267069
4794	-3435.021	-3693	257.9796	1.106214	3.922511
4800	-3433.881	-3691.92	258.0393	1.046538	3.922511
4806	-3434.975	-3692.299	257.3241	0.9435606	4.387603
4812	-3434.676	-3693.411	258.7349	0.9661656	3.567417
4818	-3432.137	-3689.551	257.414	0.9827321	4.31468
4824	-3448.326	-3706.167	257.8402	1.033326	4.043877
4830	-3442.34	-3699.579	257.2394	0.975668	4.417252
4836	-3444.697	-3702.805	258.1085	1.042046	3.885407
4842	-3430.8	-3688.939	258.1388	0.8903485	3.954962
4848	-3431.13	-3690.272	259.1421	1.078145	3.263262
4854	-3444.035	-3702.47	258.4357	1.071764	3.679756
4860	-3443.561	-3701.83	258.2694	1.085228	3.768016
4866	-3440.403	-3699.207	258.8046	1.09923	3.449198
4872	-3445.119	-3704.736	259.6168	1.194716	2.910421
4878	-3436.841	-3695.94	259.0989	1.169067	3.235112
4884	-3437.724	-3694.707	256.9829	0.9438605	4.579448
4890	-3430.702	-3688.664	257.9624	1.011792	3.98639
4896	-3422.718	-3679.477	256.7594	0.8928279	4.733231
4902	-3424.182	-3681.468	257.2856	0.8406939	4.467282
4908	-3428.298	-3686.6	258.302	0.9481229	3.828206
4914	-3422.635	-3681.275	258.6395	1.02212	3.59036
4920	-3434.868	-3694.646	259.7774	1.279159	2.761675
4926	-3443.058	-3702.494	259.4356	1.250591	2.985923
4932	-3433.194	-3691.233	258.0387	1.055711	3.917553
4938	-3434.584	-3692.42	257.8361	1.01171	4.058531
4944	-3441.986	-3700.026	258.0405	1.10037	3.89094
4950	-3441.434	-3700.612	259.1776	1.03885	3.265547
4956	-3440.513	-3698.852	258.3382	0.8745302	3.849656
4962	-3445.724	-3704.689	258.9642	1.112668	3.347779
4968	-3441.817	-3699.738	257.9207	0.9903956	4.022443
4974	-3426.392	-3682.896	256.5038	0.9162366	4.862841
4980	-3439.02	-3697.229	258.2092	0.9444709	3.883616
4986	-3451.523	-3710.06	258.5366	0.8690861	3.73854
4992	-3439.325	-3695.661	256.3354	0.6973667	5.078151
4998	-3440.642	-3698.033	257.3906	0.9356666	4.354539
5004	-3436.506	-3693.708	257.2021	0.8413247	4.513898
5010	-3440.5	-3697.052	256.5527	0.9006967	4.844242
5016	-3432.871	-3690.407	257.536	0.8583891	4.316023
5022	-3431.432	-3688.489	257.0577	0.9187363	4.551554
5028	-3436.992	-3695.258	258.266	1.038253	3.797022
5034	-3441.599	-3698.761	257.1621	0.876847	4.516439
5040	-3439.032	-3696.571	257.5387	0.9543014	4.260223
5046	-3449.746	-3707.61	257.8645	0.9543014	4.075071
5052	-3434.179	-3691.796	257.6177	0.8548548	4.271784
5058	-3434.36	-3691.795	257.4359	1.058821	4.25924
5064	-3436.972	-3693.589	256.6177	0.8555039	4.833218
5070	-3439.452	-3697.303	257.8514	0.9159401	4.104431
5076	-3428.402	-3686.234	257.8318	0.8945488	4.127754
5082	-3429.727	-3687.543	257.8155	0.9107897	4.127754
5088	-3437.694	-3695.266	257.5719	0.9345422	4.252571
5094	-3437.59	-3694.686	257.0962	0.9345422	4.521072
5100	-3433.664	-3691.297	257.6332	0.8130644	4.286688
5106	-3430.267	-3686.646	256.3787	0.9257617	4.927187
5112	-3442.987	-3700.153	257.1659	0.7911771	4.562454
5118	-3433.298	-3690.789	257.4909	0.9123479	4.310988
5124	-3431.696	-3690.569	258.8736	1.021708	3.454175
5130	-3427.078	-3685.17	258.0917	0.9714496	3.935475
5136	-3431.817	-3690.242	258.4254	1.067922	3.687897
5142	-3438.005	-3696.318	258.3133	0.8984908	3.850212
5148	-3441.222	-3698.401	257.1791	0.8173625	4.54033
5154	-3454.471	-3711.304	256.8337	0.8211435	4.731746
5160	-3435.63	-3694.637	259.0067	1.041342	3.364717
5166	-3437.982	-3697.849	259.8666	1.20927	2.749912
5172	-3438.914	-3697.905	258.991	1.063607	3.360832
5178	-3451.816	-3708.875	257.0587	1.063607	4.469515
5184	-3460.098	-3717.957	257.8598	0.9227198	4.095754
5190	-3446.803	-3704.92	258.1176	0.9697957	3.921608
5196	-3443.646	-3701.764	258.1176	0.9697957	3.921608
5202	-3424.816	-3682.883	258.0672	1.020202	3.921608
5208	-3423.626	-3682.16	258.5346	0.9797275	3.675766
5214	-3422.117	-3680.064	257.9463	0.9731814	4.017647
5220	-3417.853	-3675.498	257.6447	0.9437141	4.206097
5226	-3417.314	-3675.116	257.8022	1.04302	4.060003
5232	-3412.404	-3670.303	257.899	0.9462702	4.060003
5238	-3412.51	-3670.141	257.6312	0.8541482	4.264527
5244	-3421.829	-3677.992	256.1629	0.8389497	5.095275
5250	-3419.225	-3677.367	258.1422	0.8734089	3.962691
5256	-3424.772	-3682.26	257.4878	0.8891706	4.325885
5262	-3431.535	-3688.648	257.1123	0.8891706	4.537473
5268	-3441.48	-3698.281	256.8018	0.721384	4.805295
5274	-3438.19	-3694.496	256.3055	0.7362832	5.073106
5280	-3449.331	-3707.082	257.7515	0.8689522	4.187894
5286	-3433.205	-3690.878	257.6737	0.9468179	4.187894
5292	-3425.45	-3682.584	257.1345	0.9026661	4.51744
5298	-3439.409	-3696.897	257.4883	0.9466013	4.293097
5304	-3428.256	-3686.41	258.1539	0.8634769	3.96167
5310	-3433.949	-3691.551	257.602	0.9374948	4.233841
5316	-3428.254	-3685.713	257.4594	0.8933392	4.339558
5322	-3426.695	-3684.161	257.4659	0.8868169	4.339558
5328	-3428.015	-3684.643	256.6284	0.685815	4.921756
5334	-3437.67	-3694.063	256.3932	0.6696428	5.061429
5340	-3431.068	-3686.794	255.7261	0.7208745	5.401923
5346	-3431.214	-3687.088	255.8744	0.8082228	5.271927
5352	-3428.337	-3685.239	256.902	0.8448018	4.680341
5358	-3425.441	-3682.744	257.3031	0.8852389	4.432357
5364	-3426.874	-3684.442	257.5682	0.927492	4.258651
5370	-3422.118	-3680.155	258.0375	1.012112	3.943224
5376	-3431.115	-3689.541	258.426	1.029265	3.709933
5382	-3429.383	-3687.513	258.1299	0.9767353	3.91055
5388	-3439.379	-3697.517	258.1381	0.936874	3.928716
5394	-3436.693	-3693.703	257.0109	0.936874	4.567652
5400	-3428.839	-3687.215	258.3758	1.09998	3.698049
5406	-3438.951	-3698.739	259.7883	1.217596	2.792593
5412	-3442.125	-3701.18	259.0548	1.234992	3.222192
5418	-3428.374	-3686.987	258.6129	1.091387	3.565567
5424	-3442.798	-3701.168	258.3698	1.048819	3.731065
5430	-3440.098	-3698.86	258.7614	1.012019	3.525317
5436	-3435.797	-3693.268	257.4707	0.8993023	4.329796
5442	-3432.773	-3690.33	257.5577	0.9576359	4.247548
5448	-3434.54	-3692.956	258.4165	0.9640057	3.753098
5454	-3440.176	-3697.416	257.2399	0.9358476	4.439427
5460	-3427.075	-3682.413	255.3383	0.9071907	5.512867
5466	-3423.435	-3681.068	257.6328	0.9460729	4.211524
5472	-3432.852	-3690.432	257.5798	0.886042	4.275577
5478	-3431.642	-3689.172	257.5299	0.9359761	4.275577
5484	-3426.923	-3684.829	257.9057	1.111441	3.961835
5490	-3427.03	-3686.075	259.0448	1.136323	3.286392
5496	-3431.823	-3690.141	258.318	0.9833218	3.798719
5502	-3429.403	-3687.161	257.7579	0.8379401	4.201906
5508	-3430.302	-3687.774	257.4716	0.8426686	4.36127
5514	-3425.876	-3683.272	257.3956	0.9187475	4.36127
5520	-3431.835	-3689.195	257.36	0.8538296	4.41795
5526	-3423.645	-3681.676	258.0308	0.9849346	3.962607
5532	-3429.439	-3687.496	258.0572	0.9382657	3.974232
5538	-3424.765	-3683.479	258.7138	1.00921	3.554674
5544	-3418.228	-3675.495	257.2667	0.9688473	4.405747
5550	-3431.439	-3688.936	257.4968	0.9675644	4.276399
5556	-3436.121	-3694.522	258.4013	1.038853	3.718656
5562	-3434.969	-3693.166	258.1963	0.9983157	3.860107
5568	-3429.425	-3686.379	256.9537	0.8136201	4.668866
5574	-3421.143	-3677.886	256.7425	0.7944559	4.797606
5580	-3437.272	-3694.131	256.8593	0.8904236	4.678687
5586	-3432.813	-3690.985	258.1727	0.9425796	3.9056
5592	-3439.334	-3696.415	257.0813	0.8665151	4.567647
5598	-3427.745	-3684.583	256.8379	0.8419853	4.717751
5604	-3437.635	-3695.047	257.4126	0.8161661	4.409568
5610	-3439.854	-3697.273	257.4192	0.9875668	4.309024
5616	-3430.202	-3688.099	257.8974	0.8734939	4.102362
5622	-3436.305	-3694.078	257.7736	0.8674483	4.176212
5628	-3432.325	-3689.942	257.6172	0.9855923	4.197948
5634	-3432.03	-3689.276	257.2456	1.085188	4.35195
5640	-3423.178	-3681.128	257.9495	0.9287362	4.041205
5646	-3427.93	-3686.241	258.3114	1.048802	3.764775
5652	-3432.482	-3690.523	258.0413	1.034197	3.928388
5658	-3446.813	-3705.504	258.6907	1.121663	3.502611
5664	-3443.119	-3701.456	258.3364	0.9909298	3.783757
5670	-3450.655	-3709.186	258.5308	0.9909298	3.67146
5676	-3445.001	-3704.255	259.2538	1.127638	3.167838
5682	-3441.327	-3700.324	258.9972	1.109264	3.330338
5688	-3441.124	-3699.551	258.4273	1.125649	3.653396
5694	-3460.622	-3718.005	257.3837	1.013709	4.314333
5700	-3436.374	-3695.162	258.7874	1.053592	3.485897
5706	-3438.477	-3696.416	257.9393	0.9894911	4.012346
5712	-3445.297	-3704.017	258.7199	1.018873	3.54549
5718	-3448.529	-3707.566	259.0375	1.067972	3.330938
5724	-3440.767	-3699.511	258.7441	1.121855	3.471364
5730	-3456.133	-3714.866	258.7338	1.074484	3.505019
5736	-3451.049	-3709.528	258.4792	1.028903	3.679358
5742	-3434.866	-3691.145	256.2795	0.9337823	4.977889
5748	-3438.712	-3695.259	256.5468	0.947112	4.821623
5754	-3444.122	-3702.887	258.7649	0.9946448	3.533418
5760	-3438.013	-3696.506	258.4926	1.118947	3.619405
5766	-3432.374	-3691.34	258.9661	1.106926	3.349992
5772	-3426.718	-3685.037	258.3182	0.9470578	3.819488
5778	-3435.127	-3693.474	258.3467	1.021082	3.760425
5784	-3441.492	-3700.421	258.9285	1.103705	3.374017
5790	-3434.112	-3692.611	258.4995	1.141366	3.602388
5796	-3436.231	-3694.662	258.4305	1.074199	3.681325
5802	-3439.357	-3697.268	257.911	0.9487351	4.051737
5808	-3431.792	-3690.029	258.237	1.019941	3.824275
5814	-3431.329	-3689.307	257.9783	0.989633	3.98995
5820	-3441.634	-3699.597	257.9629	0.9117335	4.043267
5826	-3430.209	-3687.524	257.3147	0.9266163	4.402491
5832	-3427.387	-3684.656	257.2684	0.8344997	4.480437
5838	-3435.879	-3694.781	258.9019	1.05421	3.41862
5844	-3435.814	-3694.658	258.8439	1.046532	3.457055
5850	-3423.366	-3682.02	258.6537	1.154549	3.505028
5856	-3434.136	-3693.887	259.7503	1.134125	2.866376
5862	-3442.978	-3701.703	258.7251	1.099352	3.49555
5868	-3436.323	-3694.757	258.4342	1.041643	3.697994
5874	-3443.847	-3701.735	257.888	1.041643	4.011865
5880	-3434.696	-3691.639	256.9431	0.9592543	4.593137
5886	-3441.655	-3699.481	257.8265	0.9799722	4.082088
5892	-3442.294	-3698.573	256.2792	0.9295468	4.98044
5898	-3442.782	-3699.921	257.1397	0.9295468	4.499397
5904	-3440.094	-3696.737	256.643	0.8251362	4.836042
5910	-3434.689	-3691.172	256.4825	0.8551867	4.908732
5916	-3432.821	-3689.88	257.0597	0.9347627	4.541445
5922	-3428.974	-3687.661	258.6868	1.030011	3.558304
5928	-3431.764	-3691.066	259.3027	1.130427	3.137154
5934	-3428.865	-3687.768	258.9031	0.9753098	3.464032
5940	-3424.188	-3682.238	258.0499	0.9343357	3.980631
5946	-3426.025	-3683.401	257.3767	0.8135766	4.43123
5952	-3431.753	-3687.838	256.0848	0.8135766	5.152615
5958	-3433.096	-3690.046	256.9504	0.7960238	4.680562
5964	-3439.353	-3696.24	256.8866	0.8158796	4.705139
5970	-3423.169	-3680.949	257.7803	0.8732798	4.169095
5976	-3431.768	-3689.195	257.4263	0.7971877	4.412531
5982	-3439.642	-3697.213	257.5715	0.8228426	4.316061
5988	-3446.675	-3704.162	257.4874	0.9259218	4.305336
5994	-3434.604	-3693.448	258.8444	1.150594	3.395813
6000	-3445.39	-3703.293	257.9029	0.9874051	4.03432
6006	-3452.024	-3709.336	257.3119	0.9048708	4.416305
6012	-3438.445	-3695.992	257.5472	0.9390481	4.264005
6018	-3436.556	-3693.405	256.8485	0.9163255	4.670241
6024	-3438.987	-3696.08	257.0935	0.9078452	4.537572
6030	-3435.067	-3692.172	257.1045	0.8656274	4.555102
6036	-3429.808	-3687.455	257.647	0.8656274	4.249087
6042	-3431.188	-3687.703	256.5151	1.006942	4.805959
6048	-3436.278	-3693.598	257.3197	0.9598299	4.380893
6054	-3429.438	-3686.727	257.2891	0.8679449	4.449959
6060	-3428.4	-3684.915	256.5145	0.8089844	4.916632
6066	-3431.926	-3689.348	257.4217	0.8530346	4.383599
6072	-3425.781	-3683.626	257.8454	0.8978967	4.118089
6078	-3433.236	-3691.642	258.4063	1.012133	3.731204
6084	-3438.537	-3695.466	256.9289	0.9744013	4.592593
6090	-3439.882	-3696.995	257.1128	0.923798	4.51778
6096	-3451.567	-3708.876	257.3097	0.7892294	4.482707
6102	-3426.356	-3684.725	258.3696	0.9538304	3.786002
6108	-3430.273	-3687.787	257.514	0.74328	4.393449
6114	-3421.439	-3678.267	256.8281	0.8478423	4.720002
6120	-3433.597	-3691.192	257.5956	0.885636	4.266894
6126	-3432.989	-3690.698	257.7092	0.885636	4.202478
6132	-3431.098	-3689.649	258.5508	1.011172	3.64817
6138	-3432.072	-3690.658	258.5865	0.9754352	3.64817
6144	-3428.465	-3687.045	258.58	0.9819514	3.64817
6150	-3436.142	-3693.5	257.3579	0.8564578	4.417667
6156	-3435.977	-3693.814	257.8373	0.9557199	4.089758
6162	-3426.391	-3685.88	259.4882	1.172332	3.001275
6168	-3431.177	-3689.963	258.7863	1.180977	3.412075
6174	-3430.423	-3689.01	258.5863	1.061632	3.598311
6180	-3443.174	-3701.036	257.8615	0.9280546	4.091756
6186	-3455.811	-3712.118	256.3064	0.8280391	5.021693
6192	-3434.717	-3691.758	257.041	0.9306824	4.554244
6198	-3424.548	-3682.602	258.0539	0.980126	3.952171
6204	-3433.704	-3692.283	258.5792	0.96263	3.659823
6210	-3451.232	-3709.923	258.6909	0.9033714	3.629456
6216	-3430.181	-3687.72	257.539	0.9819711	4.24434
6222	-3442.503	-3699.756	257.253	0.9591555	4.418904
6228	-3439.308	-3696.383	257.0752	0.9591555	4.519009
6234	-3433.013	-3690.092	257.0789	0.9168803	4.540719
6240	-3430.292	-3687.1	256.8079	0.8763796	4.715321
6246	-3431.01	-3688.054	257.0443	0.9098205	4.564115
6252	-3426.175	-3682.812	256.637	0.9235973	4.784405
6258	-3427.807	-3684.558	256.7516	0.8888776	4.739824
6264	-3428.245	-3685.839	257.5939	0.9862483	4.210805
6270	-3435.968	-3693.572	257.6045	0.97567	4.210805
6276	-3439.211	-3697.23	258.019	0.9676059	3.979315
6282	-3438.932	-3695.071	256.1381	0.9157152	5.066452
6288	-3440.379	-3697.371	256.992	0.8574269	4.622816
6294	-3447.093	-3703.629	256.536	0.9391697	4.832104
6300	-3441.898	-3699.27	257.3721	0.9720519	4.344421
6306	-3441.42	-3698.582	257.1626	0.850202	4.531153
6312	-3438.596	-3695.616	257.0201	0.8312802	4.621722
6318	-3438.078	-3695.601	257.5232	0.922047	4.287216
6324	-3428.652	-3686.019	257.3672	0.9611003	4.353349
6330	-3430.85	-3688.506	257.6564	0.9849606	4.176043
6336	-3435.522	-3692.826	257.3043	0.9119796	4.416609
6342	-3433.919	-3692.346	258.4266	1.054217	3.695151
6348	-3438.881	-3698.363	259.4816	1.166714	3.008652
6354	-3429.82	-3689.463	259.6433	1.166714	2.91134
6360	-3434.016	-3693.674	259.6579	1.203975	2.880009
6366	-3440.263	-3698.227	257.9643	1.203975	3.875225
6372	-3435.105	-3693.833	258.7282	1.203975	3.432607
6378	-3437.468	-3696.869	259.401	1.176861	3.050803
6384	-3429.977	-3689.088	259.1116	1.229006	3.192093
6390	-3442.614	-3700.752	258.1381	1.058044	3.859208
6396	-3436.223	-3693.786	257.5632	1.058044	4.187482
6402	-3432.616	-3690.538	257.9213	0.9630625	4.037697
6408	-3440.928	-3698.496	257.5679	0.9160343	4.265328
6414	-3439.55	-3696.173	256.6226	0.8748209	4.819697
6420	-3434.971	-3693.274	258.3027	0.9923081	3.802341
