Iteration	Posterior	Likelihood	Prior	rate_log_sd	tree_length
0	-3455.432	-3713.678	258.2453	1.135758	3.75279
6	-3448.38	-3707.172	258.7921	1.072607	3.472043
12	-3449.746	-3708.261	258.5148	1.065436	3.637592
18	-3445.044	-3702.847	257.803	0.9989195	4.084725
24	-3436.818	-3694.594	257.7761	1.025775	4.084725
30	-3437.51	-3695.185	257.6751	0.9495105	4.185569
36	-3437.695	-3695.052	257.3567	1.025745	4.322794
42	-3441.597	-3698.323	256.7262	0.9349132	4.728294
48	-3434.767	-3691.501	256.7339	0.9271756	4.728294
54	-3427.717	-3684.2	256.4833	0.9130018	4.876077
60	-3425.893	-3683.619	257.7262	0.9825435	4.13773
66	-3424.385	-3681.722	257.3373	1.065241	4.31139
72	-3426.327	-3684.46	258.1321	1.065241	3.858491
78	-3431.835	-3689.094	257.259	0.9308687	4.431497
84	-3440.651	-3698.037	257.3859	0.8039059	4.431497
90	-3447.845	-3704.128	256.2832	0.7818024	5.060236
96	-3438.104	-3695.513	257.4089	0.9547988	4.333358
102	-3447.701	-3704.925	257.2243	0.859033	4.491491
108	-3449.047	-3706.124	257.0772	0.9095588	4.54578
114	-3447.866	-3705.08	257.2138	0.8232057	4.517527
120	-3446.305	-3703.371	257.066	0.7867396	4.62097
126	-3442.964	-3699.742	256.7782	0.7662447	4.793451
132	-3448.229	-3705.305	257.0758	0.8765541	4.565105
138	-3442.731	-3699.585	256.854	0.8765541	4.689397
144	-3429.267	-3688.27	259.0036	1.040142	3.367231
150	-3438.57	-3696.672	258.1026	0.9192262	3.959155
156	-3451.252	-3708.359	257.1069	0.8549246	4.559785
162	-3432.014	-3689.507	257.4932	0.9243343	4.302902
168	-3430.217	-3688.093	257.8763	0.9243343	4.08543
174	-3425.538	-3683.512	257.9741	0.9323572	4.025095
180	-3434.72	-3691.933	257.213	0.9780592	4.430831
186	-3435.302	-3693.489	258.1871	0.9376324	3.900201
192	-3435.551	-3693.181	257.6293	0.9049634	4.236838
198	-3422.324	-3679.623	257.2999	0.9162854	4.416666
204	-3418.462	-3676.646	258.1848	0.9413262	3.899389
210	-3421.698	-3680.551	258.8524	0.930794	3.51961
216	-3428.057	-3685.246	257.1886	0.9631856	4.452951
222	-3431.531	-3689.734	258.203	0.9658505	3.874849
228	-3446.067	-3704.956	258.8892	0.9912576	3.462893
234	-3432.87	-3690.224	257.3543	0.9465368	4.368856
240	-3437.072	-3693.449	256.3761	0.9854875	4.895394
246	-3422.307	-3680.215	257.908	0.9381377	4.059522
252	-3429.954	-3687.748	257.7941	0.8826862	4.155905
258	-3425.668	-3682.741	257.0731	0.9189532	4.54281
264	-3430.514	-3689.383	258.8692	0.9678504	3.488213
270	-3418.739	-3676.254	257.5155	0.8705112	4.320745
276	-3431.793	-3688.736	256.943	0.8731305	4.641521
282	-3434.532	-3692.042	257.5098	0.8615697	4.329047
288	-3437.348	-3695.016	257.6675	0.9485074	4.190453
294	-3438.841	-3697.199	258.3582	0.9951704	3.768755
300	-3439.874	-3696.52	256.6463	0.9007329	4.79202
306	-3446.639	-3703.493	256.8547	0.8073286	4.727748
312	-3442.966	-3699.088	256.1218	0.8339258	5.120833
318	-3441.502	-3697.739	256.2377	0.7180569	5.120833
324	-3428.39	-3684.399	256.0083	0.8345815	5.183301
330	-3428.56	-3685.414	256.8536	0.805613	4.729339
336	-3443.702	-3701.284	257.5816	0.8567899	4.291142
342	-3440.74	-3698.319	257.5787	0.8596438	4.291142
348	-3437.076	-3694.836	257.7601	0.8596438	4.188331
354	-3435.299	-3692.855	257.5564	0.8846358	4.289651
360	-3433.479	-3689.905	256.4259	0.9349316	4.895828
366	-3426.511	-3684.405	257.8941	0.937859	4.067587
372	-3422.17	-3679.647	257.4768	0.9307703	4.308552
378	-3428.094	-3686.066	257.9716	0.8724682	4.060685
384	-3429.839	-3687.6	257.7608	0.9734994	4.123192
390	-3427.26	-3684.967	257.7069	0.8803869	4.206765
396	-3422.994	-3680.186	257.1925	0.9099671	4.480724
402	-3424.987	-3683.698	258.711	1.006199	3.558072
408	-3423.049	-3680.8	257.7504	1.032218	4.095705
414	-3432.371	-3691.433	259.0624	0.9996948	3.356459
420	-3429.305	-3686.435	257.1299	0.9302765	4.504482
426	-3423.548	-3682.111	258.5632	1.013653	3.63957
432	-3426.642	-3684.885	258.2426	1.070994	3.791625
438	-3434.444	-3693.017	258.5735	1.100999	3.582863
444	-3428.318	-3688.034	259.716	1.147828	2.878807
450	-3438.138	-3697.432	259.2933	1.074525	3.175954
456	-3436.045	-3694.923	258.8781	1.092686	3.410035
462	-3434.411	-3691.928	257.5173	1.054551	4.215523
468	-3437.292	-3695.016	257.7246	1.02566	4.114124
474	-3437.156	-3695.391	258.2355	0.9819382	3.846946
480	-3439.55	-3698.196	258.6464	1.056048	3.566637
486	-3434.876	-3693.624	258.7478	1.077404	3.495108
492	-3434.185	-3693.536	259.3518	1.080261	3.137778
498	-3441.749	-3700.127	258.3782	0.9724506	3.770291
504	-3439.843	-3696.921	257.0787	0.8979072	4.551461
510	-3432.779	-3690.242	257.4632	0.977167	4.290022
516	-3437.04	-3695.331	258.2918	1.08071	3.757709
522	-3431.923	-3690.013	258.0905	0.9896754	3.925719
528	-3435.838	-3692.756	256.9185	0.9790282	4.595885
534	-3425.407	-3682.314	256.9063	0.9382637	4.625551
540	-3428.497	-3686.255	257.7579	0.9384525	4.144814
546	-3424.825	-3682.018	257.1936	0.9384525	4.464031
552	-3430.892	-3688.575	257.6834	0.8574226	4.233114
558	-3434.217	-3690.101	255.884	0.8166611	5.261944
564	-3438.713	-3694.864	256.1511	0.7909972	5.128369
570	-3430.133	-3686.969	256.8367	0.7768734	4.754833
576	-3425.927	-3683.851	257.9241	0.9877414	4.021989
582	-3422.896	-3680.801	257.9049	0.9554329	4.051435
588	-3422.769	-3680.696	257.9271	0.9109148	4.064155
594	-3422.923	-3681.54	258.6175	1.054447	3.584375
600	-3432.013	-3689.756	257.7431	1.068487	4.079198
606	-3436.472	-3695.62	259.148	1.053483	3.274373
612	-3424.411	-3682.292	257.8809	1.061852	4.004386
618	-3431.778	-3689.53	257.7515	1.016407	4.104098
624	-3417.146	-3674.387	257.2411	0.8928581	4.462967
630	-3412.123	-3669.565	257.4415	0.8422761	4.378484
636	-3419.293	-3676.703	257.4091	0.8747187	4.378484
642	-3418.528	-3676.158	257.6307	0.8834973	4.2482
648	-3419.855	-3678.226	258.3712	1.014378	3.75016
654	-3422.78	-3680.451	257.6716	0.8974546	4.217077
660	-3422.226	-3679.03	256.8034	0.7943392	4.763668
666	-3429.618	-3685.13	255.5127	0.8994938	5.421085
672	-3432.989	-3690.44	257.4505	0.8819176	4.351062
678	-3429.061	-3685.993	256.9321	0.9121331	4.625739
684	-3430.663	-3687.865	257.2025	0.8427811	4.51289
690	-3429.508	-3686.137	256.6292	0.9784498	4.758122
696	-3422.581	-3679.789	257.2081	0.9260043	4.462869
702	-3434.703	-3691.976	257.2726	0.8496491	4.469543
708	-3422.788	-3680.075	257.2873	0.8349447	4.469543
714	-3427.591	-3683.703	256.1116	0.7171405	5.19116
720	-3429.885	-3685.828	255.9435	0.8852633	5.19116
726	-3423.871	-3681.194	257.323	0.9059356	4.409434
732	-3426.423	-3683.508	257.0848	0.9075726	4.542601
738	-3435.6	-3692.529	256.9286	0.8084932	4.685756
744	-3434.338	-3692.944	258.6056	1.052822	3.592228
750	-3432.155	-3690.229	258.0746	1.052822	3.898662
756	-3437.874	-3695.271	257.3973	0.8785792	4.382952
762	-3438.492	-3695.98	257.4881	0.8864825	4.327228
768	-3438.744	-3696.219	257.475	0.8995567	4.327228
774	-3434.369	-3690.765	256.3961	0.8549437	4.956935
780	-3425.961	-3682.355	256.3946	0.8563745	4.956935
786	-3436.479	-3694.436	257.9568	0.8960701	4.05564
792	-3442.089	-3698.336	256.247	0.9579266	4.982572
798	-3450.569	-3708.694	258.1253	0.9579266	3.923981
804	-3428.251	-3686.325	258.0743	0.9731851	3.944462
810	-3430.165	-3688.303	258.1384	0.9344962	3.929899
816	-3423.588	-3681.213	257.6241	0.8881639	4.24931
822	-3433.808	-3690.688	256.8798	0.9130339	4.654551
828	-3438.459	-3693.98	255.5211	0.8827546	5.425666
834	-3440.979	-3697.885	256.9055	0.7828611	4.713033
840	-3433.613	-3691.308	257.6955	0.9023155	4.200753
846	-3436.275	-3694.4	258.1246	1.012975	3.892827
852	-3440.101	-3698.034	257.9333	0.9449191	4.041191
858	-3438.701	-3696.087	257.3857	0.9127008	4.370281
864	-3434.478	-3691.628	257.1503	0.8180593	4.556083
870	-3445.8	-3703.597	257.797	0.9343757	4.124884
876	-3439.809	-3695.84	256.0304	0.8718287	5.150481
882	-3437.269	-3694.002	256.7331	0.7904014	4.805148
888	-3433.198	-3690.224	257.0262	0.8858697	4.587694
894	-3430.468	-3686.781	256.3132	0.8453538	5.008322
900	-3432.742	-3689.915	257.1726	0.8202696	4.542317
906	-3431.697	-3688.874	257.1765	0.8164138	4.542317
912	-3437.569	-3694.051	256.4818	0.8164138	4.93068
918	-3433.611	-3690.485	256.874	0.7377955	4.755838
924	-3441.251	-3698.449	257.1986	0.9328012	4.464417
930	-3432.534	-3689.789	257.2552	0.8761926	4.464417
936	-3433.065	-3690.389	257.3241	0.8761926	4.425588
942	-3433.272	-3691.381	258.1095	0.9883152	3.915619
948	-3439.147	-3696.254	257.1071	1.010133	4.472377
954	-3441.863	-3700.075	258.2117	0.9260385	3.892727
960	-3448.081	-3705.7	257.6189	0.8255955	4.287645
966	-3447.386	-3704.658	257.2717	0.84979	4.469979
972	-3437.57	-3694.654	257.0836	0.9219477	4.53519
978	-3438.316	-3694.599	256.2832	0.7153201	5.09715
984	-3427.198	-3684.442	257.244	0.9094117	4.451991
990	-3439.766	-3697.419	257.6533	0.8833866	4.235465
996	-3448.272	-3706.056	257.7839	0.8833866	4.161312
1002	-3437.482	-3693.869	256.3864	0.8916557	4.941912
1008	-3433.563	-3690.765	257.2014	0.9541876	4.450771
1014	-3423.553	-3681.565	258.0122	0.9562126	3.989685
1020	-3436.95	-3694.985	258.0351	0.933284	3.989685
1026	-3429.223	-3687.227	258.0033	0.9650898	3.989685
1032	-3429.062	-3687.242	258.1802	0.9650898	3.888383
1038	-3431.008	-3687.532	256.5242	0.8345716	4.896985
1044	-3426.898	-3683.468	256.5699	0.7528488	4.917018
1050	-3442.674	-3699.419	256.7453	0.7942125	4.796226
1056	-3441.674	-3697.663	255.9881	0.7926496	5.217676
1062	-3435.211	-3691.113	255.9011	0.8082227	5.25716
1068	-3442.552	-3698.078	255.5263	0.7594738	5.490709
1074	-3430.504	-3687.09	256.586	0.7898861	4.88745
1080	-3429.014	-3686.33	257.3158	0.9299914	4.399949
1086	-3438.191	-3695.167	256.9753	0.804869	4.661622
1092	-3454.312	-3711.106	256.7945	0.9857464	4.661622
1098	-3440.845	-3697.696	256.8516	0.8698834	4.694504
1104	-3447.193	-3704.434	257.241	0.8460077	4.489378
1110	-3449.869	-3707.827	257.9578	0.9011552	4.052202
1116	-3449.29	-3706.096	256.8059	0.8027435	4.757607
1122	-3442.854	-3699.986	257.1317	0.8310703	4.559233
1128	-3439.858	-3697.709	257.8514	0.9990977	4.056994
1134	-3442.505	-3701.075	258.5694	1.059668	3.609234
1140	-3437.57	-3696.207	258.637	0.9921201	3.609234
1146	-3442.468	-3700.684	258.2163	0.9782225	3.860139
1152	-3445.269	-3703.909	258.6396	1.034653	3.583013
1158	-3439.302	-3697.254	257.9523	0.9391862	4.033657
1164	-3436.685	-3694.058	257.3728	0.9134684	4.377132
1170	-3450.235	-3708.282	258.0468	0.996022	3.947134
1176	-3452.172	-3710.218	258.0468	0.996022	3.947134
1182	-3445.838	-3703.823	257.9852	0.9437301	4.01226
1188	-3436.993	-3695.394	258.4007	1.045361	3.715225
1194	-3441.541	-3700.335	258.7936	1.043467	3.488232
1200	-3429.28	-3686.535	257.2556	0.9451833	4.425338
1206	-3435.025	-3691.808	256.7827	0.9059424	4.712864
1212	-3447.421	-3705.495	258.074	0.9658459	3.948841
1218	-3453.873	-3711.076	257.2029	0.9137396	4.472722
1224	-3421.382	-3679.434	258.0525	0.9217155	3.986369
1230	-3427.271	-3684.931	257.6608	0.8745561	4.236219
1236	-3441.344	-3697.956	256.6123	0.8273718	4.851907
1242	-3440.417	-3697.888	257.4708	0.9574897	4.296822
1248	-3432.006	-3689.102	257.096	0.8719013	4.556336
1254	-3438.705	-3696.4	257.6959	0.903417	4.199903
1260	-3441.965	-3698.89	256.9253	0.8707008	4.652763
1266	-3441.532	-3698.696	257.1647	0.9150142	4.493477
1272	-3441.591	-3699.132	257.5409	0.9150142	4.281194
1278	-3442.814	-3701.074	258.2605	1.043111	3.797393
1284	-3438.22	-3695.329	257.1093	0.7842111	4.598128
1290	-3443.554	-3700.713	257.1587	0.8797966	4.516661
1296	-3453.917	-3711.118	257.2013	0.8507589	4.509046
1302	-3448.096	-3705.013	256.9166	0.9206264	4.6297
1308	-3447.021	-3705.249	258.2276	0.9050864	3.895658
1314	-3439.659	-3698.575	258.9157	1.044114	3.416442
1320	-3438.484	-3694.898	256.414	0.8577572	4.945417
1326	-3443.219	-3699.63	256.4115	0.7652882	4.998188
1332	-3441.354	-3699.013	257.6593	0.9661286	4.18512
1338	-3449.381	-3705.78	256.3983	0.8837038	4.939671
1344	-3438.768	-3694.986	256.2174	0.9021074	5.030026
1350	-3433.683	-3690.645	256.9619	0.9007446	4.61541
1356	-3431.883	-3690.002	258.1189	0.9926261	3.907786
1362	-3441.985	-3698.564	256.5789	0.9671912	4.792504
1368	-3438.589	-3695.507	256.9174	0.844854	4.671655
1374	-3453.04	-3710.943	257.903	0.9503665	4.055357
1380	-3456.214	-3714.239	258.0252	0.905429	4.011286
1386	-3448.497	-3706.178	257.681	1.074106	4.111369
1392	-3454.949	-3712.053	257.1035	0.921775	4.524127
1398	-3446.965	-3704.99	258.025	1.091247	3.905058
1404	-3451.291	-3709.29	257.9992	0.997167	3.97372
1410	-3441.878	-3699.524	257.6458	0.9217008	4.217961
1416	-3430.49	-3688.926	258.4358	1.062665	3.684943
1422	-3431.549	-3689.095	257.5466	1.067652	4.19142
1428	-3428.218	-3684.964	256.7467	1.038335	4.658925
1434	-3427.694	-3686.545	258.8511	1.01191	3.473053
1440	-3428.864	-3687.197	258.3322	0.9747264	3.795483
1446	-3422.382	-3680.154	257.7722	0.9747264	4.116004
1452	-3422.822	-3680.771	257.9488	0.7981579	4.116004
1458	-3417.048	-3673.814	256.7661	0.8675508	4.743643
1464	-3425.561	-3682.993	257.4322	0.8675508	4.369498
1470	-3437.783	-3694.365	256.5816	0.7772831	4.896918
1476	-3432.66	-3689.112	256.4525	0.8057833	4.952905
1482	-3429.731	-3687.035	257.3037	0.815155	4.471467
1488	-3429.793	-3686.286	256.493	0.9124914	4.87097
1494	-3429.202	-3687.094	257.8926	0.9686877	4.050893
1500	-3431.252	-3689.145	257.8926	0.9686877	4.050893
1506	-3431.609	-3689.309	257.7006	0.921533	4.18696
1512	-3447.127	-3704.817	257.6906	1.058157	4.114977
1518	-3441.458	-3700.199	258.7412	1.073594	3.50118
1524	-3437.521	-3695.612	258.0909	0.9791773	3.931498
1530	-3443.852	-3702.913	259.0609	1.040864	3.333118
1536	-3440.945	-3699.019	258.0736	1.040864	3.90608
1542	-3448.528	-3706.28	257.7512	0.9173124	4.160637
1548	-3451.429	-3708.829	257.4	1.007558	4.308573
1554	-3458.309	-3714.187	255.878	0.7910651	5.279436
1560	-3454.261	-3710.303	256.0427	0.8314627	5.16601
1566	-3448.326	-3704.647	256.3214	0.8099285	5.023453
1572	-3442.548	-3698.986	256.4384	0.80822	4.959366
1578	-3436.688	-3693.341	256.6527	0.8597416	4.811314
1584	-3444.593	-3702.394	257.8017	0.9520465	4.112141
1590	-3461.137	-3718.927	257.79	0.9597022	4.114442
1596	-3461.454	-3719.65	258.1963	1.080211	3.812986
1602	-3465.188	-3723.908	258.7206	1.172671	3.455402
1608	-3457.054	-3716.698	259.6438	1.236165	2.869047
1614	-3444.12	-3704.193	260.0727	1.31885	2.555346
1620	-3446.068	-3704.849	258.7808	1.158038	3.428693
1626	-3444.742	-3704.077	259.3349	1.160278	3.100186
1632	-3435.646	-3695.031	259.385	1.101283	3.105518
1638	-3431.074	-3689.266	258.1924	0.9727041	3.877014
1644	-3429.74	-3687.918	258.178	1.044641	3.843962
1650	-3429.671	-3687.365	257.6945	0.9393051	4.180322
1656	-3428.501	-3686.591	258.0898	0.9598216	3.943208
1662	-3432.203	-3690.34	258.1368	0.9571632	3.917821
1668	-3441.777	-3699.253	257.476	1.088798	4.219513
1674	-3442.015	-3700.416	258.4014	1.088798	3.689715
1680	-3444.138	-3702.41	258.2715	1.082497	3.76836
1686	-3447.333	-3704.401	257.0684	0.7988345	4.612826
1692	-3442.797	-3699.765	256.9674	0.9271339	4.597515
1698	-3429.351	-3687.513	258.1621	1.024045	3.864938
1704	-3429.565	-3687.733	258.1685	0.9449384	3.906664
1710	-3417.141	-3675.408	258.2664	1.051648	3.789075
1716	-3428.9	-3687.325	258.4251	1.00868	3.722326
1722	-3425.405	-3683.822	258.4172	1.028219	3.715585
1728	-3429.435	-3688.207	258.7722	1.10956	3.462122
1734	-3445.655	-3704.767	259.1117	1.213103	3.201468
1740	-3434.864	-3693.176	258.312	1.003177	3.790746
1746	-3430.972	-3689.08	258.1076	0.8947477	3.970301
1752	-3445.989	-3703.344	257.3551	0.9396516	4.372297
1758	-3443.502	-3701.987	258.4855	0.9473116	3.722912
1764	-3441.751	-3700.236	258.4853	1.033969	3.672899
1770	-3444.225	-3702.335	258.11	1.01107	3.902312
1776	-3442.955	-3701.861	258.906	1.039606	3.424754
1782	-3436.513	-3694.191	257.678	1.003138	4.153469
1788	-3438.235	-3697.044	258.8082	1.01927	3.493801
1794	-3429.604	-3689.189	259.5843	1.213937	2.918483
1800	-3431.506	-3691.55	260.0436	1.242975	2.620439
1806	-3432.279	-3692.344	260.0654	1.221175	2.620439
1812	-3431.896	-3691.267	259.3703	1.182346	3.065906
1818	-3436.205	-3695.631	259.4261	1.175095	3.036864
1824	-3446.717	-3705.99	259.2728	1.223357	3.09962
1830	-3452.913	-3713.134	260.2218	1.198255	2.537647
1836	-3442.85	-3701.63	258.7802	1.123782	3.449136
1842	-3438.682	-3697.53	258.8476	0.9497006	3.511405
1848	-3435.797	-3694.327	258.5301	1.036275	3.64564
1854	-3432.242	-3690.423	258.1804	0.9601034	3.891146
1860	-3433.766	-3691.692	257.926	1.003144	4.012107
1866	-3444.743	-3703.32	258.5768	1.051645	3.609598
1872	-3437.811	-3695.92	258.1082	1.051645	3.880055
1878	-3437.127	-3695.921	258.7942	0.9334652	3.551977
1884	-3444.733	-3702.561	257.8276	0.9316933	4.108975
1890	-3440.679	-3698.388	257.709	0.8290365	4.234692
1896	-3447.64	-3704.699	257.0593	0.8501714	4.589156
1902	-3442.556	-3698.281	255.7243	0.9312897	5.286862
1908	-3435.905	-3694.219	258.3141	1.01808	3.78093
1914	-3433.219	-3691.177	257.9574	1.034847	3.976078
1920	-3436.323	-3693.59	257.2662	0.9739253	4.403154
1926	-3438.348	-3695.917	257.569	0.9908151	4.222348
1932	-3447.724	-3704.451	256.7269	0.8551182	4.772451
1938	-3442.911	-3699.744	256.8332	0.9115589	4.681459
1944	-3440.712	-3698.605	257.8931	0.8243461	4.132803
1950	-3433.561	-3691.243	257.682	0.9560818	4.177914
1956	-3446.792	-3704.456	257.6646	0.9560818	4.187807
1962	-3453.57	-3709.847	256.2762	0.7513575	5.081001
1968	-3441.474	-3699.003	257.5286	0.8665562	4.315598
1974	-3442.118	-3698.919	256.8007	0.8406087	4.739365
1980	-3436.146	-3693.743	257.5972	0.9443676	4.232683
1986	-3442.599	-3698.877	256.2782	0.7918358	5.057464
1992	-3433.725	-3689.919	256.1947	0.8753406	5.057464
1998	-3432.559	-3690.213	257.6549	0.9649482	4.188252
2004	-3430.936	-3687.333	256.397	0.8456294	4.961601
2010	-3432.287	-3689.794	257.507	0.8375226	4.344199
2016	-3430.615	-3688.125	257.5103	0.8360944	4.343138
2022	-3434.27	-3691.042	256.7714	0.8338132	4.759533
2028	-3446.962	-3703.786	256.8236	0.8452939	4.723915
2034	-3431.627	-3690.2	258.5736	1.059458	3.606968
2040	-3428.04	-3685.549	257.5097	0.9380534	4.285846
2046	-3428.093	-3686.58	258.4867	1.033771	3.672194
2052	-3424.315	-3682.03	257.7151	0.9247396	4.176914
2058	-3432.679	-3689.492	256.8129	0.8980717	4.700394
2064	-3432.528	-3690.694	258.1654	0.9033943	3.932255
2070	-3432.547	-3690.361	257.8138	0.9280981	4.118894
2076	-3426.708	-3684.481	257.7722	0.971001	4.118174
2082	-3427.409	-3685.039	257.6304	0.9054584	4.235929
2088	-3434.437	-3691.325	256.8872	0.8178061	4.703717
2094	-3431.485	-3688.287	256.8023	0.9027184	4.703717
2100	-3432.53	-3689.464	256.9341	0.9362096	4.611123
2106	-3439.058	-3696.043	256.9852	0.8851549	4.611123
2112	-3444.623	-3702.237	257.614	0.8474857	4.278075
2118	-3439.775	-3697.553	257.7781	0.9706053	4.114994
2124	-3438.743	-3697.51	258.7669	1.125642	3.455808
2130	-3437.022	-3695.194	258.1726	0.9899562	3.878508
2136	-3438.803	-3696.36	257.5578	0.9899562	4.229161
2142	-3426.943	-3685.219	258.2761	1.086032	3.763651
2148	-3438.028	-3696.732	258.704	1.072296	3.523645
2154	-3440.463	-3698.208	257.7449	0.9268995	4.158767
2160	-3441.813	-3699.991	258.1777	0.9834718	3.879275
2166	-3431.816	-3688.997	257.181	0.8196607	4.537942
2172	-3432.592	-3689.943	257.3515	0.9965024	4.342222
2178	-3425.099	-3682.67	257.5706	0.9061715	4.269374
2184	-3430.596	-3687.229	256.6325	0.7914112	4.860693
2190	-3418.618	-3675.142	256.5247	0.7914112	4.920731
2196	-3415.883	-3672.348	256.4653	0.8057344	4.945807
2202	-3425.697	-3682.13	256.4325	0.838475	4.945807
2208	-3430.426	-3687.271	256.8451	0.8781175	4.693529
2214	-3424.57	-3681.481	256.9113	0.8119382	4.693529
2220	-3431.624	-3688.753	257.1288	0.8865481	4.529711
2226	-3438.012	-3695.934	257.9219	0.8672321	4.092
2232	-3441.726	-3698.091	256.3657	0.9422973	4.925236
2238	-3435.378	-3693.336	257.9581	1.015484	3.986722
2244	-3435.292	-3692.848	257.5565	0.9565019	4.248885
2250	-3440.194	-3699.14	258.9463	1.154501	3.3337
2256	-3432.934	-3691.798	258.8642	1.093608	3.41762
2262	-3430.072	-3687.596	257.524	1.042862	4.21831
2268	-3435.424	-3693.472	258.048	0.9740474	3.959032
2274	-3431.845	-3688.735	256.8895	0.8803232	4.667411
2280	-3432.281	-3690.169	257.888	0.9516728	4.063185
2286	-3432.603	-3690.925	258.3214	0.9941908	3.790487
2292	-3425.626	-3682.935	257.3087	0.8887273	4.427238
2298	-3438.704	-3697.2	258.4967	0.8816689	3.754333
2304	-3443.493	-3700.557	257.0646	0.8067037	4.610558
2310	-3453.02	-3711.956	258.9358	1.14543	3.345215
2316	-3440.498	-3698.529	258.0308	1.039181	3.931592
2322	-3436.84	-3695.485	258.6448	1.083527	3.551585
2328	-3440.044	-3698.75	258.7062	1.110646	3.500029
2334	-3438.41	-3697.013	258.6025	1.066734	3.58596
2340	-3440.742	-3698.795	258.0538	1.023435	3.927412
2346	-3430.561	-3687.277	256.7161	0.8876855	4.760329
2352	-3431.489	-3687.987	256.4987	0.9297255	4.858188
2358	-3418.815	-3675.995	257.1799	0.8888023	4.499714
2364	-3428.035	-3686.784	258.7494	1.011742	3.532477
2370	-3449.506	-3706.96	257.454	0.8718756	4.354726
2376	-3438.682	-3696.518	257.8365	1.026796	4.049733
2382	-3434.144	-3691.855	257.7106	1.026796	4.121434
2388	-3434.719	-3693.069	258.3503	0.9653938	3.79045
2394	-3445.276	-3702.977	257.7012	0.9360107	4.178376
2400	-3443.362	-3701.032	257.6699	0.8991014	4.217132
2406	-3444.82	-3703.062	258.2425	0.8492005	3.919121
2412	-3427.665	-3684.438	256.7725	0.8380654	4.756537
2418	-3433.314	-3689.636	256.3212	0.7390881	5.062851
2424	-3434.561	-3691.349	256.7886	0.8298918	4.752065
2430	-3437.477	-3694.266	256.7882	0.830291	4.752065
2436	-3430.905	-3687.021	256.1166	0.8687384	5.104427
2442	-3423.344	-3680.887	257.5425	0.8698076	4.30588
2448	-3434.597	-3691.905	257.3079	0.9901591	4.370442
2454	-3440.641	-3697.879	257.2378	0.8710605	4.47713
2460	-3441.063	-3699.312	258.2491	1.121553	3.75879
2466	-3433.931	-3692.647	258.7155	1.040546	3.535419
2472	-3440.284	-3699.244	258.9597	1.103555	3.355771
2478	-3442.788	-3701.84	259.0517	1.051199	3.332463
2484	-3425.542	-3684.194	258.652	0.9695498	3.613613
2490	-3429.39	-3687.541	258.1502	1.067631	3.846729
2496	-3431.945	-3690.966	259.0209	1.183846	3.272441
2502	-3436.385	-3695.225	258.8399	1.099265	3.428531
2508	-3437.169	-3695.334	258.1658	0.9816717	3.887142
2514	-3448.87	-3706.57	257.6996	0.9846233	4.151715
2520	-3447.863	-3705.224	257.3605	0.8619579	4.413126
2526	-3438.658	-3695.984	257.3259	0.9334309	4.392302
2532	-3440.286	-3696.97	256.6845	0.8421234	4.803382
2538	-3440.619	-3697.695	257.0757	0.9795045	4.507309
2544	-3442.863	-3699.028	256.1658	0.8723164	5.07519
2550	-3434.257	-3691.877	257.6198	0.9301377	4.227909
2556	-3436.679	-3694.623	257.9439	0.912061	4.053901
2562	-3427.975	-3686.372	258.3971	1.00028	3.743318
2568	-3427.446	-3684.546	257.1005	0.8697903	4.554998
2574	-3433.792	-3691.155	257.363	0.8697903	4.407297
2580	-3443.745	-3700.986	257.2415	0.9495107	4.430823
2586	-3435.664	-3694.208	258.5444	0.9841596	3.667529
2592	-3444.661	-3701.546	256.8851	0.7875489	4.721831
2598	-3436	-3692.716	256.7161	0.8719001	4.769099
2604	-3439.479	-3696.231	256.7521	0.8641285	4.753344
2610	-3440.026	-3697.789	257.7624	0.9343513	4.144591
2616	-3443.238	-3702.915	259.6767	1.177024	2.884918
2622	-3427.847	-3686.438	258.5915	1.207373	3.510511
2628	-3434.928	-3693.599	258.671	0.9878634	3.59195
2634	-3450.072	-3709.644	259.5718	1.156554	2.96058
2640	-3445.935	-3703.75	257.8143	0.9521763	4.104923
2646	-3438.773	-3696.16	257.3871	0.9272644	4.361235
2652	-3456.79	-3716.166	259.3763	1.340465	2.967516
2658	-3437.506	-3696.715	259.2086	1.211485	3.144875
2664	-3434.376	-3693.657	259.2809	1.139247	3.144875
2670	-3433.955	-3693.089	259.1334	1.115808	3.246176
2676	-3436.353	-3695.302	258.9492	1.124898	3.349377
2682	-3444.417	-3703.482	259.0651	1.182214	3.247322
2688	-3443.606	-3702.712	259.1061	1.141221	3.247322
2694	-3444.403	-3703.691	259.2883	1.074187	3.179098
2700	-3441.304	-3700.342	259.0387	1.058262	3.335948
2706	-3441.119	-3699.203	258.0843	1.041789	3.899388
2712	-3442.701	-3700.475	257.7741	1.008888	4.095484
2718	-3447.686	-3706.35	258.6638	1.0512	3.559358
2724	-3454.145	-3711.579	257.4341	0.9130487	4.342711
2730	-3454.828	-3712.956	258.1287	0.8348746	3.992484
2736	-3447.651	-3705.657	258.0064	0.9571553	3.992484
2742	-3440.185	-3698.996	258.8108	0.9007647	3.561303
2748	-3448.308	-3705.254	256.9462	0.8845369	4.633332
2754	-3443.894	-3701.172	257.2782	0.8854365	4.446266
2760	-3436.716	-3694.542	257.8268	1.050477	4.04173
2766	-3436.559	-3692.739	256.1794	0.9716508	5.012473
2772	-3428.393	-3685.796	257.4033	0.7944869	4.42701
2778	-3434.033	-3691.153	257.12	0.7944869	4.586337
2784	-3425.465	-3681.971	256.5059	0.8467336	4.900403
2790	-3429.807	-3687.095	257.2883	0.9316819	4.414522
2796	-3428.445	-3684.145	255.6995	0.8633033	5.338075
2802	-3426.554	-3684.225	257.6716	0.8839188	4.22478
2808	-3424.152	-3682.137	257.9851	0.9577066	4.004338
2814	-3419.131	-3677.663	258.5326	1.022792	3.65197
2820	-3426.075	-3685.07	258.9947	1.156509	3.303994
2826	-3441.578	-3700.212	258.6339	1.154581	3.516555
2832	-3443.586	-3702.335	258.7497	1.03873	3.516555
2838	-3432.114	-3690.584	258.4695	1.092639	3.648065
2844	-3433.831	-3692.185	258.3542	1.02721	3.752571
2850	-3424.33	-3682.6	258.2707	1.110688	3.752571
2856	-3421.898	-3681.395	259.4975	1.194963	2.982138
2862	-3424.654	-3684.202	259.5479	1.226364	2.932905
2868	-3435.222	-3694.759	259.537	1.133771	2.99518
2874	-3429.454	-3687.851	258.3976	1.03739	3.721625
2880	-3430.986	-3687.785	256.7987	0.9650658	4.670835
2886	-3431.794	-3688.742	256.9481	0.8156133	4.670835
2892	-3427.916	-3684.857	256.9407	0.9863366	4.579273
2898	-3427.68	-3684.667	256.9868	0.9424785	4.57802
2904	-3434.793	-3691.516	256.7226	0.9867106	4.701296
2910	-3445.476	-3702.827	257.351	0.8671263	4.415528
2916	-3429.136	-3685.942	256.8067	0.919224	4.691994
2922	-3442.081	-3699.778	257.6979	0.9137465	4.19292
2928	-3438.642	-3696.451	257.8088	0.8779165	4.150254
2934	-3436.193	-3693.445	257.2525	0.9996217	4.396373
2940	-3442.616	-3699.311	256.6944	0.8518216	4.792466
2946	-3447.863	-3705.54	257.6771	0.9918275	4.160362
2952	-3436.741	-3693.733	256.9927	0.8072207	4.650595
2958	-3442.303	-3699.174	256.8707	0.9292169	4.650595
2964	-3438.994	-3695.613	256.6183	0.8843473	4.816781
2970	-3426.051	-3682.198	256.1467	0.8100138	5.120308
2976	-3424.807	-3681.842	257.0349	0.8843853	4.583637
2982	-3434.332	-3692.698	258.3665	1.12555	3.688662
2988	-3438.589	-3697.135	258.5458	1.12555	3.584707
2994	-3439.85	-3698.541	258.6911	1.048914	3.544777
3000	-3436.045	-3693.623	257.5788	0.9935422	4.215252
3006	-3429.509	-3688.386	258.8775	1.053059	3.433567
3012	-3435.861	-3692.351	256.4903	0.9415232	4.856252
3018	-3432.809	-3690.389	257.5807	0.8805257	4.278219
3024	-3430.998	-3688.655	257.6567	1.01423	4.159267
3030	-3423.408	-3680.098	256.6903	0.8906551	4.773086
3036	-3434.063	-3690.978	256.9152	0.8998144	4.642137
3042	-3429.511	-3687.211	257.6998	0.8998144	4.199737
3048	-3435.69	-3692.169	256.4795	0.7428698	4.972857
3054	-3430.272	-3686.68	256.4081	0.8142387	4.972857
3060	-3429.654	-3685.463	255.8092	0.8431751	5.288656
3066	-3427.53	-3684.335	256.8043	0.8525356	4.730655
3072	-3425.185	-3682.1	256.915	0.889597	4.64795
3078	-3428.24	-3686.108	257.868	0.8619129	4.125685
3084	-3431.71	-3689.776	258.0664	0.9797428	3.945228
3090	-3444.841	-3702.857	258.0157	0.8636536	4.040547
3096	-3452.367	-3710.182	257.8147	1.018628	4.066795
3102	-3440.479	-3697.904	257.4254	0.8281082	4.395604
3108	-3437.417	-3694.8	257.3829	0.8705522	4.395604
3114	-3437.839	-3695.119	257.2797	0.973759	4.395604
3120	-3435.457	-3692.835	257.3787	0.9682807	4.342818
3126	-3429.057	-3687.651	258.5932	1.016279	3.62063
3132	-3432.819	-3690.747	257.9284	0.9611625	4.034705
3138	-3432.407	-3688.426	256.0197	0.8547825	5.165828
3144	-3432.86	-3690.272	257.4125	0.846774	4.392335
3150	-3431.219	-3688.409	257.1893	0.828682	4.528213
3156	-3422.282	-3679.143	256.8617	0.8419462	4.704458
3162	-3430.702	-3687.062	256.3601	0.8164438	4.998301
3168	-3444.774	-3701.427	256.6529	0.8537589	4.814547
3174	-3434.035	-3691.866	257.8314	0.9122439	4.117875
3180	-3432.73	-3691.275	258.5455	0.9442823	3.689937
3186	-3433.588	-3691.442	257.8539	0.956016	4.080154
3192	-3420.172	-3677.155	256.9829	0.9011978	4.603418
3198	-3427.854	-3684.978	257.1241	0.9496356	4.496854
3204	-3431.483	-3689.218	257.7356	0.9962445	4.124622
3210	-3423.539	-3682.332	258.7932	1.032096	3.495064
3216	-3425.146	-3683.868	258.7221	1.044255	3.529442
3222	-3434.653	-3693.352	258.6996	1.167	3.470934
3228	-3434.399	-3693.361	258.9621	1.207136	3.293405
3234	-3433.38	-3691.936	258.5558	1.119513	3.5824
3240	-3433.809	-3692.633	258.8235	1.019796	3.484572
3246	-3429.784	-3688.988	259.2043	1.114587	3.204932
3252	-3426.593	-3685.228	258.6345	1.095752	3.550436
3258	-3429.097	-3687.53	258.4325	0.9379901	3.758871
3264	-3431.465	-3688.276	256.8109	0.8655509	4.719707
3270	-3436.415	-3695.124	258.7089	0.8985099	3.621807
3276	-3427.455	-3685.482	258.0265	0.9093927	4.008287
3282	-3425.993	-3683.855	257.8624	0.999913	4.050308
3288	-3422.545	-3680.279	257.7338	0.890293	4.185874
3294	-3438.402	-3697.023	258.621	0.9855159	3.622345
3300	-3446.209	-3704.482	258.2726	0.9855159	3.823606
3306	-3451.924	-3710.775	258.8517	1.091031	3.426453
3312	-3448.649	-3705.712	257.0631	0.803632	4.613144
3318	-3438.784	-3695.531	256.7474	0.9402245	4.713424
3324	-3438.907	-3696.272	257.3656	0.8773232	4.401553
3330	-3436.042	-3693.379	257.3375	0.9053925	4.401553
3336	-3424.874	-3681.572	256.698	0.8077796	4.815054
3342	-3427.686	-3684.278	256.5915	0.815587	4.870044
3348	-3426.182	-3682.561	256.3793	0.8097001	4.99143
3354	-3427.096	-3683.926	256.8293	0.78202	4.756074
3360	-3425.355	-3682.811	257.4558	0.9737264	4.296148
3366	-3420.883	-3678.4	257.5171	0.9124183	4.296148
3372	-3427.836	-3684.252	256.4159	0.9142439	4.912891
3378	-3435.145	-3692.142	256.9975	0.9355799	4.575883
3384	-3453.997	-3711.915	257.9186	0.9326775	4.056593
3390	-3449.399	-3707.195	257.7961	0.9358563	4.124557
3396	-3448.388	-3706.988	258.6	1.051565	3.596201
3402	-3440.128	-3698.411	258.2831	0.9655824	3.828992
3408	-3433.185	-3690.449	257.2639	0.9074758	4.441925
3414	-3433.579	-3690.996	257.416	0.7742426	4.43124
3420	-3433.843	-3691.022	257.178	0.7715419	4.56665
3426	-3435.895	-3692.633	256.7383	0.9217538	4.728841
3432	-3428.749	-3686.556	257.8075	0.9241384	4.124752
3438	-3427.369	-3684.594	257.2244	0.8747648	4.482551
3444	-3434.603	-3691.437	256.8342	0.8849213	4.695848
3450	-3429.179	-3686.071	256.8918	0.8677738	4.673179
3456	-3442.17	-3699.165	256.9957	0.8452259	4.62762
3462	-3435.468	-3693.051	257.5828	0.9005793	4.265661
3468	-3440.383	-3697.234	256.8506	0.8357926	4.714105
3474	-3441.031	-3699.381	258.3496	0.9394055	3.805787
3480	-3436.161	-3693.107	256.9458	0.8816352	4.635184
3486	-3432.192	-3689.583	257.3913	0.8539976	4.400226
3492	-3432.609	-3689.787	257.1781	0.8127458	4.543478
3498	-3429.036	-3685.727	256.6916	0.7863878	4.830532
3504	-3422.942	-3679.852	256.9097	0.7905744	4.706375
3510	-3417.851	-3674.774	256.9231	0.8832586	4.646999
3516	-3420.324	-3677.641	257.317	0.9241618	4.402557
3522	-3422.13	-3679.635	257.5048	0.8945798	4.313182
3528	-3423.962	-3681.734	257.7723	0.9432918	4.133845
3534	-3435.098	-3691.796	256.6983	0.9608963	4.729342
3540	-3423.144	-3681.058	257.9144	0.9416813	4.053833
3546	-3422.966	-3680.116	257.1502	0.8967654	4.511897
3552	-3425.083	-3682.504	257.4206	0.9280936	4.341825
3558	-3422.23	-3678.609	256.3786	0.7806618	5.007898
3564	-3423.621	-3681.32	257.6996	0.8188347	4.245787
3570	-3425.513	-3682.837	257.3238	0.9334951	4.39345
3576	-3434.027	-3691.025	256.9985	0.8188855	4.640816
3582	-3441.824	-3699.517	257.6931	0.8804121	4.214583
3588	-3429.982	-3687.805	257.8235	0.9521992	4.099637
3594	-3423.882	-3680.382	256.5007	0.7918927	4.933822
3600	-3431.703	-3689.78	258.0773	0.8794195	3.996358
3606	-3430.725	-3688.481	257.7556	0.956618	4.135766
3612	-3435.029	-3693.08	258.0513	1.029518	3.92534
3618	-3424.601	-3682.927	258.3253	0.9313279	3.824441
3624	-3432.27	-3689.204	256.9342	1.001457	4.574449
3630	-3434.338	-3691.798	257.4596	1.004774	4.276393
3636	-3441.439	-3700.155	258.7162	1.013242	3.550937
3642	-3436.149	-3694.883	258.7347	0.9832983	3.557583
3648	-3432.474	-3690.106	257.6323	1.029345	4.164542
3654	-3437.204	-3694.757	257.5529	0.9182571	4.27257
3660	-3429.966	-3687.122	257.1555	0.8714118	4.52318
3666	-3430.517	-3686.991	256.4744	0.8960538	4.890437
3672	-3428.398	-3685.925	257.5265	0.9091876	4.292651
3678	-3434.164	-3691.247	257.0833	0.8906208	4.552973
3684	-3439.429	-3696.854	257.425	0.8124674	4.404653
3690	-3440.453	-3698.913	258.46	1.07566	3.663394
3696	-3463.161	-3720.455	257.2936	0.9032969	4.42749
3702	-3434.606	-3692.263	257.6572	0.9419203	4.200018
3708	-3442.48	-3699.494	257.014	0.9419203	4.56306
3714	-3437.724	-3695.236	257.5121	0.9744694	4.263857
3720	-3436.282	-3693.908	257.6263	0.8298297	4.281084
3726	-3439.81	-3696.962	257.152	0.916862	4.499585
3732	-3447.349	-3704.199	256.8496	0.8574265	4.702576
3738	-3447.099	-3703.606	256.5066	0.8233964	4.913005
3744	-3447.808	-3705.258	257.4505	0.9930263	4.288232
3750	-3434.198	-3691.631	257.4329	0.930813	4.33338
3756	-3437.303	-3694.971	257.668	0.9550973	4.18643
3762	-3429.681	-3687.506	257.825	0.916957	4.118836
3768	-3427.371	-3685.282	257.9108	0.9015094	4.078787
3774	-3430.016	-3688.127	258.1114	0.9593794	3.931142
3780	-3432.603	-3690.721	258.1181	0.9526639	3.931142
3786	-3426.725	-3685.439	258.7145	0.9526639	3.587167
3792	-3437.476	-3694.775	257.2986	0.9610582	4.392103
3798	-3437.939	-3696.239	258.2999	1.079356	3.75379
3804	-3436.083	-3694.866	258.7835	1.034787	3.49916
3810	-3439.631	-3698.178	258.5479	1.096669	3.600279
3816	-3439.452	-3698.384	258.932	1.100626	3.373753
3822	-3437.097	-3695.985	258.8879	1.144714	3.373753
3828	-3438.938	-3697.882	258.9441	1.167905	3.327103
3834	-3439.155	-3698.092	258.9369	1.175037	3.327103
3840	-3440.808	-3698.982	258.1743	1.043652	3.846685
3846	-3440.308	-3697.206	256.8977	0.8989829	4.652367
3852	-3439.438	-3696.39	256.9525	0.8962883	4.62317
3858	-3422.69	-3679.142	256.4519	0.8467706	4.930404
3864	-3424.261	-3681.667	257.4061	0.9207221	4.354208
3870	-3421.915	-3679.66	257.7448	0.8215896	4.218606
3876	-3423.179	-3679.01	255.8308	0.7260914	5.341318
3882	-3425.204	-3682.315	257.1115	0.8506584	4.559554
3888	-3418.567	-3675.898	257.3312	0.9306122	4.39093
3894	-3426.292	-3683.184	256.8924	0.9123926	4.647856
3900	-3430.819	-3687.853	257.035	0.8775613	4.587431
3906	-3437.611	-3695.137	257.5255	0.8123846	4.34793
3912	-3427.174	-3684.288	257.1137	0.9045193	4.52808
3918	-3416.366	-3673.507	257.1418	0.8242288	4.557431
3924	-3416.04	-3672.715	256.6751	0.8956723	4.778731
3930	-3424.683	-3681.115	256.4321	0.847024	4.94131
3936	-3434.779	-3691.199	256.4196	0.8595049	4.94131
3942	-3435.161	-3691.461	256.3004	0.9671221	4.947724
3948	-3426.524	-3684.933	258.4092	0.9902591	3.742131
3954	-3429.877	-3687.021	257.1442	0.9365184	4.492958
3960	-3431.423	-3688.084	256.6611	0.782186	4.849871
3966	-3428.825	-3685.659	256.8347	0.9630891	4.651749
3972	-3433.39	-3690.417	257.0267	0.8414326	4.612336
3978	-3427.541	-3684.158	256.6166	0.8909172	4.814047
3984	-3425.064	-3682.343	257.2792	0.9387452	4.415666
3990	-3426.132	-3682.294	256.1626	0.8700356	5.078203
3996	-3428.07	-3685.104	257.0343	0.8700356	4.592013
4002	-3425.402	-3682.128	256.7264	0.8439898	4.778966
4008	-3434.965	-3691.995	257.0303	0.8777099	4.590005
4014	-3436.42	-3693.942	257.5224	0.9298696	4.283289
4020	-3436.477	-3693.696	257.2191	1.032361	4.396772
4026	-3438.958	-3697.329	258.3711	0.9033942	3.814172
4032	-3428.27	-3686.811	258.5401	0.9938645	3.664399
4038	-3431.212	-3688.918	257.706	1.006329	4.135689
4044	-3426.654	-3685.54	258.8864	1.131725	3.382248
4050	-3439.184	-3698.028	258.8435	1.050584	3.45489
4056	-3444.999	-3703.589	258.5899	0.9152532	3.681097
4062	-3439.412	-3697.221	257.8097	1.025977	4.06549
4068	-3447.385	-3705.431	258.0463	1.051586	3.915586
4074	-3438.447	-3696.861	258.4145	1.041726	3.709356
4080	-3430.365	-3688.829	258.4643	1.035012	3.684455
4086	-3422.933	-3681.443	258.5108	1.066076	3.639552
4092	-3422.002	-3680.25	258.2484	0.935297	3.866375
4098	-3430.576	-3689.577	259.0006	1.07708	3.347284
4104	-3428.125	-3686.71	258.5847	1.094139	3.580375
4110	-3434.437	-3692.96	258.5232	1.066988	3.631799
4116	-3439.009	-3695.97	256.9612	0.9151514	4.607726
4122	-3441.72	-3698.75	257.0301	0.8462596	4.607726
4128	-3455.839	-3712.886	257.0467	0.9400287	4.545804
4134	-3445.364	-3702.615	257.251	1.025049	4.382853
4140	-3429.502	-3686.91	257.4079	0.8682155	4.382853
4146	-3421.935	-3680.314	258.3792	0.9741198	3.768732
4152	-3433.033	-3691.547	258.5139	1.032408	3.657242
4158	-3444.754	-3703.83	259.0762	1.171571	3.24703
4164	-3441.575	-3701.303	259.7281	1.283288	2.789242
4170	-3450.602	-3710.336	259.7342	1.283288	2.785529
4176	-3440.23	-3700.219	259.9893	1.206887	2.676147
4182	-3441.518	-3699.974	258.4562	1.093325	3.655385
4188	-3436.595	-3695.615	259.0201	0.9723521	3.397288
4194	-3438.128	-3697.066	258.9376	1.068393	3.38936
4200	-3437.278	-3695.52	258.2421	1.068393	3.793431
4206	-3432.561	-3690.263	257.7023	0.9194374	4.187186
4212	-3428.785	-3686.533	257.7476	0.8540818	4.198581
4218	-3438.915	-3695.709	256.7946	0.9030577	4.707854
4224	-3438.821	-3696.47	257.6484	0.9734992	4.187124
4230	-3442.606	-3701.97	259.3637	1.078067	3.132014
4236	-3445.068	-3703.836	258.7683	0.994033	3.531783
4242	-3445.655	-3704.172	258.5165	1.000448	3.674232
4248	-3442.512	-3701.519	259.0067	1.080485	3.341666
4254	-3445.855	-3704.996	259.1409	1.080485	3.26263
4260	-3444.812	-3702.767	257.9545	1.019844	3.986304
4266	-3444.889	-3703.262	258.3734	0.9886619	3.763704
4272	-3445.905	-3702.638	256.7326	0.8051081	4.797219
4278	-3425.276	-3682.464	257.1882	0.8051081	4.542069
4284	-3421.354	-3678.378	257.0237	0.9422302	4.557454
4290	-3420.96	-3678.501	257.5406	0.9509862	4.26103
4296	-3422.42	-3680.646	258.2255	0.9849756	3.850967
4302	-3428.816	-3686.676	257.8596	0.9202276	4.097304
4308	-3423.117	-3680.355	257.2379	0.8800819	4.471976
4314	-3432.68	-3689.822	257.1422	0.8667279	4.533289
4320	-3430.532	-3688.029	257.4973	0.946042	4.288296
4326	-3431.728	-3689.016	257.2882	0.915436	4.423744
4332	-3430.09	-3686.568	256.4775	0.9232323	4.873575
4338	-3425.015	-3682.119	257.1041	0.8243907	4.578477
4344	-3429.164	-3686.462	257.298	0.8451298	4.457832
4350	-3435.917	-3692.772	256.8543	0.8451298	4.706819
4356	-3444.681	-3702.235	257.5536	0.8931315	4.286398
4362	-3441.496	-3699.021	257.5248	0.8931315	4.302703
4368	-3434.259	-3691.949	257.6895	0.868564	4.223314
4374	-3425.697	-3684.042	258.3453	0.9563035	3.798526
4380	-3425.035	-3684.105	259.07	1.07685	3.306594
4386	-3435.936	-3694.972	259.0364	1.110422	3.306594
4392	-3434.98	-3693.594	258.6141	1.044113	3.592353
4398	-3429.641	-3688.465	258.8246	1.024592	3.481129
4404	-3432.585	-3689.342	256.7565	0.8563661	4.755211
4410	-3435.042	-3693.186	258.1437	0.9290995	3.929939
4416	-3433.876	-3691.873	257.9972	0.9786841	3.985444
4422	-3440.938	-3699.354	258.4163	1.075827	3.688605
4428	-3435.149	-3693.557	258.4076	1.084566	3.688605
4434	-3432.98	-3691.517	258.5365	0.9556131	3.688605
4440	-3459.245	-3717.726	258.4811	0.9772928	3.708099
4446	-3456.179	-3713.868	257.6895	1.08871	4.09824
4452	-3446.661	-3704.656	257.9952	1.02882	3.957865
4458	-3443.742	-3702.389	258.6472	1.222486	3.469155
4464	-3440.051	-3699.082	259.0306	1.119557	3.304633
4470	-3437.711	-3694.507	256.7958	0.8051524	4.76187
4476	-3455.222	-3712.541	257.3181	0.8428691	4.44776
4482	-3447.366	-3707.245	259.8792	1.230142	2.729428
4488	-3442.457	-3702.048	259.5905	1.104948	2.980352
4494	-3439.092	-3697.893	258.8018	0.9166719	3.557311
4500	-3441.779	-3701.079	259.3006	1.134882	3.135718
4506	-3447.593	-3705.919	258.3259	1.063503	3.747928
4512	-3460.72	-3717.549	256.8294	0.8594753	4.712737
4518	-3442.314	-3698.945	256.6313	0.7590021	4.879391
4524	-3437.62	-3693.079	255.4587	0.7590021	5.528112
4530	-3433.969	-3690.918	256.9492	0.873634	4.637769
4536	-3435.692	-3691.933	256.241	0.727042	5.113994
4542	-3441.571	-3698.286	256.7146	0.8040434	4.807873
4548	-3437.831	-3695.119	257.2879	0.8586967	4.45584
4554	-3434.921	-3692.276	257.3552	0.9690472	4.355648
4560	-3442.185	-3700.038	257.8521	1.082001	4.009287
4566	-3437.551	-3695.472	257.921	1.042198	3.992692
4572	-3434.593	-3692.48	257.887	0.9940922	4.039593
4578	-3426.258	-3684.071	257.8122	0.9795392	4.090494
4584	-3422.838	-3679.683	256.8455	0.7905915	4.742281
4590	-3425.16	-3681.395	256.2357	0.7897388	5.082218
4596	-3428.591	-3684.337	255.7459	0.7412362	5.379812
4602	-3440.309	-3695.975	255.6668	0.820322	5.379812
4608	-3425.422	-3682.513	257.0902	0.8298775	4.583212
4614	-3430.633	-3687.609	256.9764	0.9436671	4.583212
4620	-3428.643	-3685.93	257.2866	0.9363399	4.412814
4626	-3427.437	-3684.422	256.9848	0.8265234	4.644166
4632	-3431.259	-3687.426	256.1668	0.8264856	5.100035
4638	-3432.65	-3689.812	257.1627	0.9076447	4.498795
4644	-3427.702	-3685.492	257.7896	0.8606765	4.170991
4650	-3432.708	-3690.241	257.5332	0.9772956	4.250281
4656	-3440.066	-3698.626	258.5597	0.9772956	3.662643
4662	-3442.212	-3699.774	257.5621	0.9394711	4.255335
4668	-3455.343	-3713.614	258.2708	1.125259	3.744083
4674	-3439.28	-3697.246	257.9661	1.01049	3.985049
4680	-3439.396	-3697.76	258.3638	0.9287185	3.80378
4686	-3425.718	-3682.701	256.9831	0.858508	4.62724
4692	-3426.964	-3683.398	256.4343	0.9774455	4.867434
4698	-3427.095	-3685.81	258.7144	0.9561662	3.585169
4704	-3431.42	-3689.465	258.0449	1.025454	3.931373
4710	-3432.882	-3690.518	257.6356	0.9566063	4.203957
4716	-3441.639	-3698.524	256.8854	0.8777224	4.671178
4722	-3433.758	-3690.72	256.9615	0.7878794	4.678889
4728	-3436.494	-3692.105	255.6106	0.6958288	5.479316
4734	-3425.639	-3683.004	257.3644	0.86043	4.411784
4740	-3449.31	-3706.018	256.7079	0.8080244	4.809387
4746	-3446.09	-3703.192	257.1021	0.8947046	4.540113
4752	-3436.226	-3694.101	257.875	0.8473183	4.130046
4758	-3435.055	-3693.882	258.8268	1.014514	3.485737
4764	-3440.009	-3697.691	257.6822	0.9001849	4.209508
4770	-3437.515	-3695.278	257.7629	0.8562492	4.188644
4776	-3447.738	-3705.455	257.7164	0.8551786	4.215635
4782	-3445.04	-3702.418	257.378	0.8920568	4.38623
4788	-3436.714	-3693.515	256.8011	0.8012947	4.761071
4794	-3426.004	-3683.325	257.321	1.001222	4.356813
4800	-3430.014	-3688.108	258.0947	1.014732	3.908947
4806	-3437.557	-3694.584	257.0272	0.9098349	4.573707
4812	-3440.906	-3698.05	257.1443	0.8721969	4.529069
4818	-3442.942	-3700.14	257.1983	0.9415208	4.459695
4824	-3438.497	-3697.674	259.1768	1.136893	3.208011
4830	-3437.667	-3695.457	257.7899	1.095745	4.036974
4836	-3439.362	-3698.019	258.6571	1.061774	3.557067
4842	-3431.718	-3690.357	258.6389	1.000416	3.603307
4848	-3426.214	-3684.343	258.1295	0.9823493	3.907583
4854	-3416.599	-3673.595	256.9963	0.9118511	4.589903
4860	-3426.917	-3684.255	257.3385	0.8544977	4.429735
4866	-3436.653	-3694.235	257.5814	0.9004568	4.26653
4872	-3445.034	-3702.383	257.3493	0.9779014	4.353974
4878	-3428.229	-3687.835	259.6056	1.07311	2.990403
4884	-3423.406	-3681.968	258.562	1.114571	3.581661
4890	-3435.089	-3694.918	259.8296	1.27026	2.735206
4896	-3424.823	-3685.121	260.2985	1.288522	2.433091
4902	-3424.597	-3684.946	260.3495	1.288522	2.400961
4908	-3430.204	-3689.999	259.7951	1.348887	2.708182
4914	-3435.24	-3695.396	260.1562	1.310953	2.508233
4920	-3440.98	-3700.809	259.8285	1.213186	2.770763
4926	-3448.151	-3707.731	259.5797	1.133342	2.96974
4932	-3431.308	-3690.518	259.2099	1.04857	3.240733
4938	-3426.887	-3685.694	258.8063	1.216154	3.379699
4944	-3417.882	-3677.042	259.1606	1.061924	3.261958
4950	-3422.064	-3680.165	258.1017	0.9423307	3.946454
4956	-3428.723	-3686.682	257.9596	0.9549515	4.020457
4962	-3427.245	-3685.207	257.9622	0.9392077	4.027978
4968	-3424.528	-3682.601	258.073	0.9834345	3.939313
4974	-3424.132	-3681.11	256.9772	0.790975	4.668348
4980	-3434.96	-3692.013	257.0523	0.8960997	4.567301
4986	-3437.516	-3694.67	257.1541	0.901586	4.507038
4992	-3435.961	-3692.88	256.919	0.8392521	4.673932
4998	-3430.837	-3689.345	258.5079	0.9180638	3.726818
5004	-3432.045	-3690.298	258.2532	0.996933	3.828164
5010	-3419.732	-3677.393	257.661	0.9988349	4.165564
5016	-3426.291	-3684.539	258.2478	0.9325733	3.868258
5022	-3428.147	-3686.335	258.1882	1.012408	3.85663
5028	-3422.517	-3680.705	258.1882	1.012408	3.85663
5034	-3422.912	-3680.738	257.8267	0.9436804	4.102668
5040	-3423.38	-3681.523	258.1428	0.941496	3.923387
5046	-3422.799	-3679.612	256.8128	0.941496	4.676137
5052	-3437.792	-3694.6	256.8081	0.7829589	4.767407
5058	-3427.428	-3684.188	256.7602	0.8309193	4.767407
5064	-3438.226	-3694.991	256.7647	0.8263963	4.767407
5070	-3454.797	-3714.164	259.366	1.153676	3.085557
5076	-3447.512	-3706.146	258.6343	1.0696	3.565799
5082	-3447.692	-3705.069	257.3772	1.062887	4.290172
5088	-3441.498	-3700.364	258.8662	1.058536	3.436984
5094	-3434.748	-3694.171	259.4228	1.165645	3.044463
5100	-3446.751	-3705.368	258.6164	1.013653	3.608679
5106	-3454.08	-3712.693	258.6123	1.017793	3.608679
5112	-3438.466	-3695.511	257.0449	0.8727971	4.584551
5118	-3432.382	-3689.33	256.9476	0.7929072	4.683838
5124	-3433.305	-3690.087	256.7818	0.9587179	4.683838
5130	-3441.327	-3697.996	256.6682	0.8421516	4.812484
5136	-3441.4	-3699.284	257.8845	0.9680043	4.05588
5142	-3435.19	-3691.762	256.5721	0.8565457	4.858041
5148	-3432.341	-3688.876	256.5355	0.84437	4.885207
5154	-3438.604	-3695.328	256.7234	0.8481621	4.778292
5160	-3428.682	-3685.381	256.6994	0.8721688	4.778292
5166	-3426.621	-3683.421	256.7997	0.9033995	4.704761
5172	-3426.702	-3685.376	258.6732	1.094603	3.528586
5178	-3433.363	-3691.64	258.2777	0.9718316	3.828512
5184	-3430.033	-3688.672	258.6385	1.025004	3.589278
5190	-3433.052	-3690.771	257.7186	1.025004	4.117896
5196	-3428.241	-3685.354	257.1125	0.9122398	4.524428
5202	-3421.22	-3678.394	257.1742	0.8505579	4.524428
5208	-3423.86	-3680.662	256.8014	0.9254256	4.691531
5214	-3429.385	-3686.405	257.0202	0.738757	4.673513
5220	-3425.742	-3682.859	257.1178	0.7752768	4.598328
5226	-3427.424	-3683.084	255.6606	0.8455564	5.369343
5232	-3425.909	-3682.44	256.5309	0.8335099	4.893842
5238	-3430.89	-3688.856	257.9654	0.8991866	4.048974
5244	-3431.146	-3688.621	257.4742	0.972975	4.286174
5250	-3434.927	-3691.016	256.0884	0.8620465	5.123739
5256	-3438.792	-3694.753	255.9607	0.8620465	5.194495
5262	-3422.874	-3679.949	257.0752	0.791638	4.613091
5268	-3427.845	-3684.969	257.1236	0.8807373	4.535863
5274	-3425.455	-3682.057	256.6022	0.8933297	4.82074
5280	-3426.909	-3683.528	256.6197	0.8757972	4.82074
5286	-3444.351	-3701.044	256.6926	0.8251883	4.808326
5292	-3450.501	-3708.298	257.797	1.043063	4.062948
5298	-3441.199	-3699.556	258.3566	0.9755368	3.780953
5304	-3436.696	-3695.114	258.4175	1.064689	3.694351
5310	-3446.074	-3704.437	258.3634	0.8519981	3.848143
5316	-3441.141	-3699.808	258.6667	0.9759199	3.601386
5322	-3434.506	-3692.497	257.991	0.9049204	4.031099
5328	-3436.047	-3693.585	257.5385	0.9062925	4.287521
5334	-3448.839	-3706.275	257.4358	0.8885435	4.355602
5340	-3445.327	-3703.273	257.9464	0.8726899	4.07491
5346	-3434.21	-3691.088	256.8777	0.8495941	4.691246
5352	-3442.958	-3700.197	257.2397	0.8460071	4.49013
5358	-3437.778	-3694.578	256.7998	0.7820811	4.772562
5364	-3434.348	-3692.339	257.9906	0.8485148	4.063503
5370	-3429.782	-3688.067	258.2847	0.9833752	3.817862
5376	-3443.815	-3702.577	258.7622	0.9399558	3.566805
5382	-3430.453	-3689.142	258.6894	1.012768	3.566805
5388	-3443.782	-3702.608	258.8253	1.012768	3.487634
5394	-3439.622	-3698.521	258.8992	1.040794	3.428069
5400	-3436.672	-3695.354	258.6815	1.160859	3.48514
5406	-3440.836	-3700.431	259.5957	1.083358	2.990211
5412	-3435.925	-3695.289	259.3637	1.083358	3.128838
5418	-3430.6	-3689.9	259.2993	1.100041	3.157195
5424	-3434.539	-3692.258	257.7187	1.091293	4.080111
5430	-3435.726	-3693.785	258.0592	0.8956939	3.997445
5436	-3440.526	-3697.498	256.9719	0.8580356	4.633742
5442	-3445.21	-3703.139	257.9294	0.8980909	4.07016
5448	-3431.413	-3688.589	257.176	0.8342539	4.532581
5454	-3428.657	-3685.547	256.8894	0.8976561	4.657795
5460	-3433.428	-3690.744	257.3169	0.8993943	4.416603
5466	-3446.392	-3703.66	257.2681	0.9481446	4.416603
5472	-3431.913	-3690.403	258.4904	1.009129	3.684342
5478	-3431.127	-3688.714	257.5875	0.8257209	4.305383
5484	-3439.035	-3697.457	258.4221	0.9655805	3.748953
5490	-3456.016	-3713.751	257.7347	0.9582426	4.146758
5496	-3457.062	-3714.499	257.4377	0.9537047	4.317708
5502	-3446.692	-3704.562	257.8695	0.9215933	4.090867
5508	-3438.868	-3697.35	258.4815	0.9532764	3.721736
5514	-3443.183	-3700.473	257.2902	0.9241062	4.417683
5520	-3428.929	-3686.485	257.5559	0.9010314	4.280601
5526	-3429.098	-3687.437	258.3392	0.9168305	3.824781
5532	-3431.08	-3688.175	257.0949	0.9336935	4.522245
5538	-3435.914	-3693.558	257.6447	0.9336935	4.211793
5544	-3433.414	-3690.534	257.1205	0.9336935	4.507861
5550	-3437.633	-3695.952	258.3187	0.9317532	3.827976
5556	-3431.639	-3689.323	257.6842	0.9163852	4.19918
5562	-3434.825	-3691.512	256.6867	0.9163852	4.760677
5568	-3426.435	-3684.098	257.6631	0.9266625	4.205369
5574	-3435.453	-3692.558	257.1048	0.8603012	4.557904
5580	-3427.402	-3684.184	256.7813	0.8564108	4.741356
5586	-3434.571	-3692.087	257.516	0.817811	4.350241
5592	-3442.011	-3698.508	256.4964	0.951002	4.847573
5598	-3435.388	-3692.179	256.7907	1.014854	4.647399
5604	-3428.358	-3686.436	258.079	1.034985	3.906371
5610	-3442.186	-3699.52	257.3338	0.9311616	4.389134
5616	-3445.204	-3702.146	256.9414	1.028757	4.555081
5622	-3442.716	-3699.928	257.2119	0.8748928	4.489507
5628	-3430.871	-3688.262	257.391	0.8709158	4.390859
5634	-3435.636	-3692.163	256.527	0.8192277	4.903933
5640	-3448.229	-3704.894	256.6651	0.8232457	4.824775
5646	-3435.384	-3691.683	256.2987	0.8814315	4.996335
5652	-3428.941	-3686.198	257.2563	0.7447697	4.53773
5658	-3429.072	-3686.294	257.2221	0.9378205	4.448365
5664	-3435.346	-3691.664	256.3181	0.8314204	5.013337
5670	-3438.071	-3695.769	257.698	0.9130743	4.193235
5676	-3434.754	-3693.209	258.4555	1.056068	3.67733
5682	-3433.913	-3692.889	258.9752	1.116522	3.339036
5688	-3435.676	-3694.781	259.1042	1.050752	3.301791
5694	-3427.625	-3685.896	258.2707	1.050752	3.787121
5700	-3426.389	-3683.734	257.3456	1.01073	4.337559
5706	-3417.285	-3675.667	258.3813	0.9562065	3.777845
5712	-3421.865	-3679.141	257.2755	1.01097	4.376978
5718	-3424.613	-3683.417	258.8034	0.964942	3.528277
5724	-3422.936	-3681.843	258.9078	0.9813045	3.457831
5730	-3425.786	-3682.701	256.9158	0.902833	4.640087
5736	-3423.009	-3679.593	256.5843	0.9042654	4.824636
5742	-3430.493	-3687.713	257.2198	0.9512033	4.442081
5748	-3437.009	-3695.172	258.163	1.013001	3.87077
5754	-3429.847	-3688.094	258.2476	0.9549732	3.855522
5760	-3444.59	-3702.375	257.7854	1.066389	4.056278
5766	-3436.904	-3696.381	259.4775	1.290777	2.936512
5772	-3439.617	-3699.36	259.7427	1.191063	2.836417
5778	-3436.377	-3695.289	258.9116	1.103879	3.383792
5784	-3437.099	-3695.997	258.8974	1.075347	3.40885
5790	-3432.469	-3690.677	258.2085	0.9452385	3.883533
5796	-3425.876	-3684.062	258.1854	0.97365	3.88053
5802	-3430.893	-3689.246	258.353	1.012167	3.761914
5808	-3436.13	-3694.949	258.8194	1.132198	3.42125
5814	-3427.61	-3686.993	259.3828	1.160643	3.071396
5820	-3430.78	-3689.735	258.9548	1.132802	3.341421
5826	-3434.308	-3693.165	258.8574	1.165982	3.379183
5832	-3430.001	-3689.613	259.6127	1.232009	2.890384
5838	-3432.121	-3690.829	258.7074	1.194071	3.450572
5844	-3431.897	-3689.184	257.2872	1.037666	4.355301
5850	-3446.959	-3705.782	258.8223	1.109514	3.432804
5856	-3437.346	-3695.203	257.8563	1.135662	3.976228
5862	-3437.812	-3697.288	259.4769	1.162281	3.01411
5868	-3439.262	-3698.635	259.3723	1.162281	3.076673
5874	-3448.01	-3707.544	259.5336	1.065773	3.037978
5880	-3443.044	-3702.101	259.0562	1.112306	3.293822
5886	-3437.194	-3696.543	259.3483	1.179094	3.080945
5892	-3435.515	-3693.654	258.1392	1.11947	3.823288
5898	-3434.091	-3692.023	257.9325	0.9496731	4.038924
5904	-3443.948	-3701.553	257.6053	0.9541235	4.222557
5910	-3443.731	-3701.787	258.0562	1.018677	3.928781
5916	-3433.526	-3691.68	258.1543	1.0195	3.87202
5922	-3440.251	-3698.538	258.2866	1.082477	3.759657
5928	-3437.519	-3696.855	259.3362	1.147528	3.107033
5934	-3455.607	-3714.463	258.8562	1.060139	3.441907
5940	-3453.202	-3710.272	257.0703	0.9066477	4.551297
5946	-3440.399	-3697.377	256.9772	0.9066477	4.603507
5952	-3434.388	-3691.767	257.3789	0.9831252	4.334326
5958	-3434.537	-3691.171	256.634	0.9036294	4.797226
5964	-3430.434	-3687.91	257.4757	0.9772246	4.282881
5970	-3440.185	-3697.972	257.7864	0.9889648	4.099855
5976	-3427.22	-3684.926	257.7057	0.9630477	4.160503
5982	-3439.468	-3697.437	257.9684	0.9641552	4.010162
5988	-3432.639	-3690.051	257.4124	0.9007901	4.361899
5994	-3438.93	-3695.816	256.8853	0.939586	4.636577
6000	-3446.958	-3703.075	256.1166	0.844802	5.11768
6006	-3443.269	-3699.46	256.1911	0.8845866	5.054332
6012	-3446.817	-3704.649	257.8324	0.9555511	4.092643
6018	-3439.441	-3698.302	258.8614	1.077909	3.428455
6024	-3437.171	-3694.863	257.6922	0.9287846	4.187629
6030	-3435.043	-3692.526	257.4832	0.9514074	4.293278
6036	-3437.397	-3695.084	257.6871	0.9874453	4.157198
6042	-3448.162	-3705.785	257.6229	0.9555922	4.21172
6048	-3451.297	-3707.785	256.4886	0.9470792	4.854116
6054	-3446.195	-3703.422	257.2264	0.8852572	4.475511
6060	-3446.917	-3704.505	257.5871	0.8852572	4.271883
6066	-3443.317	-3701.374	258.0575	1.02685	3.923352
6072	-3450.544	-3707.241	256.6975	0.9228595	4.751049
6078	-3435.489	-3692.3	256.8108	0.878422	4.712541
6084	-3444.196	-3700.406	256.2107	0.8166178	5.081157
6090	-3450.758	-3708.425	257.667	0.9822752	4.171568
6096	-3435.772	-3693.064	257.2923	0.9448451	4.404812
6102	-3442.794	-3700.739	257.9453	0.9691194	4.020534
6108	-3457.761	-3715.6	257.8385	0.8976584	4.122171
6114	-3441.233	-3699.486	258.2527	0.843731	3.91639
6120	-3430.8	-3688.616	257.8159	0.9342614	4.114166
6126	-3437.513	-3695.34	257.8271	0.9231115	4.114166
6132	-3441.368	-3699.376	258.0086	1.021053	3.954679
6138	-3441.172	-3699.583	258.4108	0.9736506	3.750827
6144	-3444.571	-3701.912	257.3411	1.033586	4.327155
6150	-3446.817	-3704.335	257.5183	0.9102933	4.29664
6156	-3444.347	-3702.505	258.1572	1.044726	3.855878
6162	-3441.868	-3700.409	258.5411	0.9450671	3.692031
6168	-3436.607	-3693.813	257.2056	0.9450671	4.453572
6174	-3445.868	-3701.26	255.3923	0.7861672	5.54969
6180	-3443.467	-3699.12	255.6526	0.7778318	5.411048
6186	-3433.195	-3689.471	256.2757	0.8036809	5.052246
6192	-3428.972	-3686.477	257.5056	0.935191	4.289762
6198	-3423.469	-3681.124	257.655	0.9935707	4.171944
6204	-3434.575	-3692.284	257.7089	0.8769568	4.207555
6210	-3443.578	-3701.037	257.4584	1.102746	4.221567
6216	-3445.242	-3703.815	258.5727	1.102746	3.582354
6222	-3442.878	-3701.356	258.4784	1.16699	3.599766
6228	-3438.86	-3698.128	259.2682	1.16699	3.135904
6234	-3436.966	-3694.721	257.7546	1.086528	4.062359
6240	-3434.648	-3693.254	258.6058	1.04837	3.594687
6246	-3430.632	-3687.695	257.0631	0.8675575	4.577281
6252	-3430.873	-3688.045	257.1721	0.8588232	4.520972
6258	-3419.087	-3676.432	257.3451	0.9667278	4.362657
6264	-3419.042	-3676.897	257.8553	0.8816925	4.121686
6270	-3424.441	-3682.035	257.5941	0.9557697	4.227988
6276	-3439.717	-3697.3	257.5831	0.8528586	4.292528
6282	-3437.889	-3694.773	256.8835	0.91199	4.653058
6288	-3433.471	-3690.397	256.9256	0.9924769	4.584324
6294	-3427.046	-3684.092	257.0454	0.7501983	4.653001
6300	-3431.429	-3687.731	256.302	0.8659361	5.003093
6306	-3426.318	-3682.432	256.1143	0.8695623	5.105265
6312	-3423.251	-3680.981	257.7295	0.9898496	4.131726
6318	-3428.604	-3686.361	257.7571	0.9833809	4.119698
6324	-3423.676	-3681.818	258.1423	0.9705037	3.907054
6330	-3417.745	-3675.975	258.2295	0.9905489	3.845472
6336	-3420.324	-3678.875	258.5505	1.063594	3.617926
6342	-3421.544	-3680.181	258.6374	0.9767603	3.617926
6348	-3426.828	-3685.02	258.1922	1.028763	3.844914
6354	-3439.512	-3697.237	257.7251	0.9387376	4.163293
6360	-3436.896	-3693.816	256.9206	0.8511164	4.666389
6366	-3427.288	-3684.267	256.9789	0.7928234	4.666389
6372	-3431.218	-3687.339	256.1208	0.8119276	5.133606
6378	-3445.92	-3702.389	256.4689	0.7864055	4.954548
6384	-3445.563	-3702.476	256.9132	0.8796304	4.654571
6390	-3433.407	-3689.691	256.284	0.8526018	5.020522
6396	-3431.314	-3688.885	257.5713	0.8526018	4.299347
6402	-3440.439	-3697.707	257.2678	0.8526018	4.470585
6408	-3445.037	-3703.63	258.5928	0.914608	3.679759
6414	-3444.792	-3701.269	256.4771	1.003865	4.828847
6420	-3429.731	-3687.773	258.042	1.003865	3.945405
6426	-3431.567	-3690.439	258.8721	0.9602066	3.490975
6432	-3431.545	-3690.273	258.7282	1.11075	3.487125
6438	-3434.387	-3692.741	258.3548	1.100633	3.709829
